#
# A fatal error has been detected by the Java Runtime Environment:
#
#  EXCEPTION_ACCESS_VIOLATION (0xc0000005) at pc=0x00000233277428a4, pid=31732, tid=27468
#
# JRE version: OpenJDK Runtime Environment (19.0.2+7) (build 19.0.2+7-44)
# Java VM: OpenJDK 64-Bit Server VM (19.0.2+7-44, mixed mode, emulated-client, sharing, tiered, compressed oops, compressed class ptrs, g1 gc, windows-amd64)
# Problematic frame:
# v  ~BufferBlob::MethodHandles adapters 0x00000233277428a4
#
# No core dump will be written. Minidumps are not enabled by default on client versions of Windows
#
# If you would like to submit a bug report, please visit:
#   https://bugreport.java.com/bugreport/crash.jsp
#

---------------  S U M M A R Y ------------

Command Line: -agentlib:jdwp=transport=dt_socket,address=127.0.0.1:50634,suspend=y,server=n -XX:TieredStopAtLevel=1 -Dspring.output.ansi.enabled=always -Dcom.sun.management.jmxremote -Dspring.jmx.enabled=true -Dspring.liveBeansView.mbeanDomain -Dspring.application.admin.enabled=true -Dmanagement.endpoints.jmx.exposure.include=* -javaagent:C:\Users\Hieu\AppData\Local\JetBrains\IntelliJIdea2022.3\captureAgent\debugger-agent.jar=file:/C:/Users/Hieu/AppData/Local/Temp/capture.props -Dfile.encoding=UTF-8 -Dsun.stdout.encoding=UTF-8 -Dsun.stderr.encoding=UTF-8 com.shopproject.shopbt.ShopApplication

Host: Intel(R) Core(TM) i5-10300H CPU @ 2.50GHz, 8 cores, 15G,  Windows 11 , 64 bit Build 22621 (10.0.22621.2506)
Time: Wed Jan 17 23:36:29 2024 SE Asia Standard Time elapsed time: 393.374441 seconds (0d 0h 6m 33s)

---------------  T H R E A D  ---------------

Current thread (0x000002333d398550):  JavaThread "http-nio-8087-exec-5" daemon [_thread_in_Java, id=27468, stack(0x000000d808700000,0x000000d808800000)]

Stack: [0x000000d808700000,0x000000d808800000],  sp=0x000000d8087fbc38,  free space=1007k
Native frames: (J=compiled Java code, j=interpreted, Vv=VM code, C=native code)
C  0x00000233277428a4


siginfo: EXCEPTION_ACCESS_VIOLATION (0xc0000005), reading address 0x000003d0770a311a


Registers:
RAX=0x000002332771c4fa, RBX=0x0000000706eccda0, RCX=0x000000d8087fbc40, RDX=0x0000000000000002
RSP=0x000000d8087fbc38, RBP=0x000000d8087fbc88, RSI=0x000002333deb1868, RDI=0x000002333b72dc30
R8 =0x0000000000000004, R9 =0x0000000000000004, R10=0x000000080073671a, R11=0x000000790ed2d909
R12=0x0000000000000000, R13=0x000000d8087fbc38, R14=0x000000d8087fbca8, R15=0x000002333d398550
RIP=0x00000233277428a4, EFLAGS=0x0000000000010202


Register to memory mapping:

RIP=0x00000233277428a4 is at begin+65 in a stub
MethodHandle::interpreter_entry::_linkToVirtual [0x0000023327742863, 0x00000233277428ca] (103 bytes)
RAX=0x000002332771c4fa is at code_begin+4346 in an Interpreter codelet
return entry points  [0x000002332771b400, 0x000002332771d200]  7680 bytes
RBX=0x0000000706eccda0 is an oop: com.shopproject.shopbt.controller.admin.AdminUserController
{0x0000000706eccda0} - klass: 'com/shopproject/shopbt/controller/AdminUserController'
 - ---- fields (total size 2 words):
 - private final 'userService' 'Lcom/shopproject/shopbt/service/user/UserService;' @12  a 'com/shopproject/shopbt/service/user/UserServiceImpl'{0x0000000706eccdb0} (e0dd99b6)
RCX=0x000000d8087fbc40 is pointing into the stack for thread: 0x000002333d398550
RDX=0x0000000000000002 is an unknown value
RSP=0x000000d8087fbc38 is pointing into the stack for thread: 0x000002333d398550
RBP=0x000000d8087fbc88 is pointing into the stack for thread: 0x000002333d398550
RSI=0x000002333deb1868 points into unknown readable memory: 0x88000200d2ec5600 | 00 56 ec d2 00 02 00 88
RDI=0x000002333b72dc30 points into unknown readable memory: 0x0000001800000060 | 60 00 00 00 18 00 00 00
R8 =0x0000000000000004 is an unknown value
R9 =0x0000000000000004 is an unknown value
R10=0x000000080073671a is pointing into metadata
R11=0x000000790ed2d909 is an unknown value
R12=0x0 is NULL
R13=0x000000d8087fbc38 is pointing into the stack for thread: 0x000002333d398550
R14=0x000000d8087fbca8 is pointing into the stack for thread: 0x000002333d398550
R15=0x000002333d398550 is a thread


Top of Stack: (sp=0x000000d8087fbc38)
0x000000d8087fbc38:   000002332771c4fa 000000d8087fbc40
0x000000d8087fbc48:   000000080073671a 000000d8087fbca8
0x000000d8087fbc58:   00000008000d4e18 000000070864e8d8
0x000000d8087fbc68:   00000007039413a8 00000008000d7958
0x000000d8087fbc78:   000000d8087fbc38 000000d8087fbcb0
0x000000d8087fbc88:   000000d8087fbfe8 0000023327b05c36
0x000000d8087fbc98:   000000070864e9b0 0000000706eccda0
0x000000d8087fbca8:   000000070864eb00 000000070864ecf8
0x000000d8087fbcb8:   0000000000000000 000000d8087fbfe8
0x000000d8087fbcc8:   0000023327ac1244 000000070864ecd0
0x000000d8087fbcd8:   0000000706eccda0 000000070864ec80
0x000000d8087fbce8:   000000070864eb00 0000000706eccda0
0x000000d8087fbcf8:   0000023327b05b54 000000d8087fbfe8
0x000000d8087fbd08:   0000023328057fa6 000002333d398550
0x000000d8087fbd18:   00007ffe26995081 000002333d398550
0x000000d8087fbd28:   0000023327efb059 0000000709c185a0 

Instructions: (pc=0x00000233277428a4)
0x00000233277427a4:   ff ff ff ff f0 10 00 00 00 00 00 00 00 28 74 27
0x00000233277427b4:   33 02 00 00 80 38 74 27 33 02 00 00 00 28 74 27
0x00000233277427c4:   33 02 00 00 80 38 74 27 33 02 00 00 f8 27 74 27
0x00000233277427d4:   33 02 00 00 f8 27 74 27 33 02 00 00 00 00 00 00
0x00000233277427e4:   00 00 00 00 00 00 00 00 00 00 00 00 38 3b ae 26
0x00000233277427f4:   fe 7f 00 00 00 00 00 00 00 00 00 00 f4 66 66 66
0x0000023327742804:   0f 1f 84 00 00 00 00 00 66 66 66 90 66 66 66 0f
0x0000023327742814:   1f 84 00 00 00 00 00 66 66 66 90 90 48 8b 53 08
0x0000023327742824:   0f b7 52 2c 48 8b 0c d4 8b 59 14 48 c1 e3 03 8b
0x0000023327742834:   5b 28 48 c1 e3 03 8b 5b 24 48 c1 e3 03 48 8b 5b
0x0000023327742844:   10 48 85 db 0f 84 10 00 00 00 41 80 bf f8 04 00
0x0000023327742854:   00 00 74 03 ff 63 38 ff 63 50 e9 9d 16 00 00 66
0x0000023327742864:   66 66 0f 1f 84 00 00 00 00 00 66 66 66 90 66 66
0x0000023327742874:   0f 1f 84 00 00 00 00 00 66 66 66 90 48 8b 53 08
0x0000023327742884:   0f b7 52 2c 48 8b 0c d4 58 5b 50 44 8b 51 08 49
0x0000023327742894:   bb 00 00 00 00 08 00 00 00 4d 03 d3 4c 8b 5b 10
0x00000233277428a4:   4b 8b 9c da b8 01 00 00 48 85 db 0f 84 10 00 00
0x00000233277428b4:   00 41 80 bf f8 04 00 00 00 74 03 ff 63 38 ff 63
0x00000233277428c4:   50 e9 36 16 00 00 66 66 66 0f 1f 84 00 00 00 00
0x00000233277428d4:   00 66 66 66 90 0f 1f 80 00 00 00 00 58 5b 50 8b
0x00000233277428e4:   5b 24 48 c1 e3 03 48 8b 5b 10 48 85 db 0f 84 10
0x00000233277428f4:   00 00 00 41 80 bf f8 04 00 00 00 74 03 ff 63 38
0x0000023327742904:   ff 63 50 e9 f4 15 00 00 66 66 66 0f 1f 84 00 00
0x0000023327742914:   00 00 00 66 66 66 90 0f 1f 44 00 00 48 8b 53 08
0x0000023327742924:   0f b7 52 2c 48 8b 0c d4 58 5b 50 48 3b 01 8b 5b
0x0000023327742934:   24 48 c1 e3 03 48 8b 5b 10 48 85 db 0f 84 10 00
0x0000023327742944:   00 00 41 80 bf f8 04 00 00 00 74 03 ff 63 38 ff
0x0000023327742954:   63 50 e9 a5 15 00 00 0f 1f 44 00 00 48 8b 53 08
0x0000023327742964:   0f b7 52 2c 48 8b 0c d4 58 5b 50 44 8b 51 08 49
0x0000023327742974:   bb 00 00 00 00 08 00 00 00 4d 03 d3 8b 43 18 48
0x0000023327742984:   c1 e0 03 48 8b 40 10 48 8b 5b 10 45 8b 9a a0 00
0x0000023327742994:   00 00 4f 8d 9c da b8 01 00 00 4d 8d 14 da 49 8b 


Stack slot to memory mapping:
stack at sp + 0 slots: 0x000002332771c4fa is at code_begin+4346 in an Interpreter codelet
return entry points  [0x000002332771b400, 0x000002332771d200]  7680 bytes
stack at sp + 1 slots: 0x000000d8087fbc40 is pointing into the stack for thread: 0x000002333d398550
stack at sp + 2 slots: 0x000000080073671a is pointing into metadata
stack at sp + 3 slots: 0x000000d8087fbca8 is pointing into the stack for thread: 0x000002333d398550
stack at sp + 4 slots: 0x00000008000d4e18 is pointing into metadata
stack at sp + 5 slots: 0x000000070864e8d8 is an oop: java.lang.ref.WeakReference 
{0x000000070864e8d8} - klass: 'java/lang/ref/WeakReference'
 - ---- fields (total size 4 words):
 - private 'referent' 'Ljava/lang/Object;' @12  a 'java/lang/Class'{0x0000000712e4d0b0} = 'org/springframework/web/method/support/InvocableHandlerMethod' (e25c9a16)
 - volatile 'queue' 'Ljava/lang/ref/ReferenceQueue;' @16  a 'java/lang/ref/ReferenceQueue$Null'{0x000000070395df88} (e072bbf1)
 - volatile 'next' 'Ljava/lang/ref/Reference;' @20  NULL (0)
 - private transient 'discovered' 'Ljava/lang/ref/Reference;' @24  NULL (0)
stack at sp + 6 slots: 0x00000007039413a8 is an oop: java.lang.Class 
{0x00000007039413a8} - klass: 'java/lang/Class'
 - ---- fields (total size 14 words):
 - private volatile transient 'classRedefinedCount' 'I' @12  0
 - abstract internal 'klass' 'J' @16  34360609272 (d49f8 8)
 - abstract internal 'array_klass' 'J' @24  0 (0 0)
 - abstract internal 'oop_size' 'I' @32  14 (e)
 - abstract internal 'static_oop_field_count' 'I' @36  0
 - private volatile transient 'cachedConstructor' 'Ljava/lang/reflect/Constructor;' @40  NULL (0)
 - private transient 'name' 'Ljava/lang/String;' @44  "java.lang.invoke.DirectMethodHandle$Holder"{0x0000000703941418} (e0728283)
 - private transient 'module' 'Ljava/lang/Module;' @48  a 'java/lang/Module'{0x0000000703946290} (e0728c52)
 - private final 'classLoader' 'Ljava/lang/ClassLoader;' @52  NULL (0)
 - private transient 'classData' 'Ljava/lang/Object;' @56  NULL (0)
 - private transient 'packageName' 'Ljava/lang/String;' @60  NULL (0)
 - private final 'componentType' 'Ljava/lang/Class;' @64  NULL (0)
 - private volatile transient 'reflectionData' 'Ljava/lang/ref/SoftReference;' @68  NULL (0)
 - private volatile transient 'genericInfo' 'Lsun/reflect/generics/repository/ClassRepository;' @72  NULL (0)
 - private volatile transient 'enumConstants' '[Ljava/lang/Object;' @76  NULL (0)
 - private volatile transient 'enumConstantDirectory' 'Ljava/util/Map;' @80  NULL (0)
 - private volatile transient 'annotationData' 'Ljava/lang/Class$AnnotationData;' @84  NULL (0)
 - private volatile transient 'annotationType' 'Lsun/reflect/annotation/AnnotationType;' @88  NULL (0)
 - transient 'classValueMap' 'Ljava/lang/ClassValue$ClassValueMap;' @92  NULL (0)
 - abstract internal 'protection_domain' 'Ljava/lang/Object;' @96  NULL (0)
 - abstract internal 'signers_name' 'Ljava/lang/Object;' @100  NULL (0)
 - abstract internal 'source_file' 'Ljava/lang/Object;' @104  NULL (0)
 - signature: Ljava/lang/invoke/DirectMethodHandle$Holder;
 - ---- static fields (0):
stack at sp + 7 slots: {method} {0x00000008000d7960} 'invokeVirtual' '(Ljava/lang/Object;Ljava/lang/Object;)Ljava/lang/Object;' in 'java/lang/invoke/DirectMethodHandle$Holder'

MethodHandle::interpreter_entry::_linkToVirtual [0x0000023327742863, 0x00000233277428ca] (103 bytes)
[MachCode]
  0x0000023327742863: 6666 660f | 1f84 0000 | 0000 0066 | 6666 9066 | 660f 1f84 | 0000 0000 | 0066 6666 | 9048 8b53 
  0x0000023327742883: 080f b752 | 2c48 8b0c | d458 5b50 | 448b 5108 | 49bb 0000 | 0000 0800 | 0000 4d03 | d34c 8b5b 
  0x00000233277428a3: 104b 8b9c | dab8 0100 | 0048 85db | 0f84 1000 | 0000 4180 | bff8 0400 | 0000 7403 | ff63 38ff 
  0x00000233277428c3: 6350 e936 | 
[/MachCode]

---------------  P R O C E S S  ---------------

Threads class SMR info:
_java_thread_list=0x000002333e36da40, length=35, elements={
0x0000023336379800, 0x000002333637a1a0, 0x000002333637cdd0, 0x000002333637d5d0,
0x000002333637eb20, 0x000002333637f060, 0x00000233363835b0, 0x0000023336384010,
0x0000023336348460, 0x000002333ad93490, 0x000002333ad96750, 0x000002333b710a00,
0x000002333b7e57b0, 0x000002333cdc9590, 0x000002333cdc75b0, 0x000002333cdc7b00,
0x000002333cdc8050, 0x000002333cdc85a0, 0x000002333cdc9040, 0x000002333cdca030,
0x000002333cdca580, 0x000002333cdc7060, 0x000002333d393af0, 0x000002333d397ab0,
0x000002333d398550, 0x000002333d395030, 0x000002333d391b10, 0x000002333d391070,
0x000002333d3915c0, 0x000002333d394590, 0x000002333d394ae0, 0x000002333d392060,
0x000002333d398000, 0x000002333c5a7f50, 0x000002333b7274f0
}

Java Threads: ( => current thread )
  0x0000023336379800 JavaThread "Reference Handler" daemon [_thread_blocked, id=19796, stack(0x000000d806000000,0x000000d806100000)]
  0x000002333637a1a0 JavaThread "Finalizer" daemon [_thread_blocked, id=31704, stack(0x000000d806100000,0x000000d806200000)]
  0x000002333637cdd0 JavaThread "Signal Dispatcher" daemon [_thread_blocked, id=33320, stack(0x000000d806200000,0x000000d806300000)]
  0x000002333637d5d0 JavaThread "Attach Listener" daemon [_thread_blocked, id=17872, stack(0x000000d806300000,0x000000d806400000)]
  0x000002333637eb20 JavaThread "Service Thread" daemon [_thread_blocked, id=31924, stack(0x000000d806400000,0x000000d806500000)]
  0x000002333637f060 JavaThread "Monitor Deflation Thread" daemon [_thread_blocked, id=29608, stack(0x000000d806500000,0x000000d806600000)]
  0x00000233363835b0 JavaThread "C1 CompilerThread0" daemon [_thread_blocked, id=25984, stack(0x000000d806600000,0x000000d806700000)]
  0x0000023336384010 JavaThread "Sweeper thread" daemon [_thread_blocked, id=23108, stack(0x000000d806700000,0x000000d806800000)]
  0x0000023336348460 JavaThread "Common-Cleaner" daemon [_thread_blocked, id=10268, stack(0x000000d806800000,0x000000d806900000)]
  0x000002333ad93490 JavaThread "JDWP Transport Listener: dt_socket" daemon [_thread_blocked, id=30276, stack(0x000000d806c00000,0x000000d806d00000)]
  0x000002333ad96750 JavaThread "JDWP Event Helper Thread" daemon [_thread_blocked, id=17320, stack(0x000000d806d00000,0x000000d806e00000)]
  0x000002333b710a00 JavaThread "Notification Thread" daemon [_thread_blocked, id=18392, stack(0x000000d806b00000,0x000000d806c00000)]
  0x000002333b7e57b0 JavaThread "RMI TCP Accept-0" daemon [_thread_in_native, id=31972, stack(0x000000d807700000,0x000000d807800000)]
  0x000002333cdc9590 JavaThread "lettuce-timer-3-1" daemon [_thread_blocked, id=32668, stack(0x000000d807a00000,0x000000d807b00000)]
  0x000002333cdc75b0 JavaThread "PostgreSQL-JDBC-Cleaner" daemon [_thread_blocked, id=34720, stack(0x000000d807b00000,0x000000d807c00000)]
  0x000002333cdc7b00 JavaThread "HikariPool-1 housekeeper" daemon [_thread_blocked, id=15352, stack(0x000000d807c00000,0x000000d807d00000)]
  0x000002333cdc8050 JavaThread "Catalina-utility-1" [_thread_blocked, id=28280, stack(0x000000d807e00000,0x000000d807f00000)]
  0x000002333cdc85a0 JavaThread "Catalina-utility-2" [_thread_blocked, id=30968, stack(0x000000d807f00000,0x000000d808000000)]
  0x000002333cdc9040 JavaThread "container-0" [_thread_blocked, id=33752, stack(0x000000d808000000,0x000000d808100000)]
  0x000002333cdca030 JavaThread "lettuce-timer-5-1" daemon [_thread_blocked, id=8208, stack(0x000000d808200000,0x000000d808300000)]
  0x000002333cdca580 JavaThread "http-nio-8087-exec-1" daemon [_thread_blocked, id=17380, stack(0x000000d808300000,0x000000d808400000)]
  0x000002333cdc7060 JavaThread "http-nio-8087-exec-2" daemon [_thread_blocked, id=29584, stack(0x000000d808400000,0x000000d808500000)]
  0x000002333d393af0 JavaThread "http-nio-8087-exec-3" daemon [_thread_blocked, id=3796, stack(0x000000d808500000,0x000000d808600000)]
  0x000002333d397ab0 JavaThread "http-nio-8087-exec-4" daemon [_thread_blocked, id=26224, stack(0x000000d808600000,0x000000d808700000)]
=>0x000002333d398550 JavaThread "http-nio-8087-exec-5" daemon [_thread_in_Java, id=27468, stack(0x000000d808700000,0x000000d808800000)]
  0x000002333d395030 JavaThread "http-nio-8087-exec-6" daemon [_thread_blocked, id=35152, stack(0x000000d808800000,0x000000d808900000)]
  0x000002333d391b10 JavaThread "http-nio-8087-exec-7" daemon [_thread_blocked, id=18924, stack(0x000000d808900000,0x000000d808a00000)]
  0x000002333d391070 JavaThread "http-nio-8087-exec-8" daemon [_thread_blocked, id=3968, stack(0x000000d808a00000,0x000000d808b00000)]
  0x000002333d3915c0 JavaThread "http-nio-8087-exec-9" daemon [_thread_blocked, id=20676, stack(0x000000d808b00000,0x000000d808c00000)]
  0x000002333d394590 JavaThread "http-nio-8087-exec-10" daemon [_thread_blocked, id=2980, stack(0x000000d808c00000,0x000000d808d00000)]
  0x000002333d394ae0 JavaThread "http-nio-8087-Poller" daemon [_thread_in_native, id=20860, stack(0x000000d808d00000,0x000000d808e00000)]
  0x000002333d392060 JavaThread "http-nio-8087-Acceptor" daemon [_thread_in_native, id=23248, stack(0x000000d808e00000,0x000000d808f00000)]
  0x000002333d398000 JavaThread "DestroyJavaVM" [_thread_blocked, id=32892, stack(0x000000d805900000,0x000000d805a00000)]
  0x000002333c5a7f50 JavaThread "C1 CompilerThread1" daemon [_thread_blocked, id=10232, stack(0x000000d805700000,0x000000d805800000)]
  0x000002333b7274f0 JavaThread "C1 CompilerThread2" daemon [_thread_blocked, id=24832, stack(0x000000d805800000,0x000000d805900000)]

Other Threads:
  0x000002333635e4f0 VMThread "VM Thread" [stack: 0x000000d805f00000,0x000000d806000000] [id=11196] _threads_hazard_ptr=0x000002333e36da40
  0x000002331f7dae70 WatcherThread "VM Periodic Task Thread" [stack: 0x000000d807800000,0x000000d807900000] [id=23136]
  0x000002331f84e570 WorkerThread "GC Thread#0" [stack: 0x000000d805a00000,0x000000d805b00000] [id=3184]
  0x000002333b7a0a90 WorkerThread "GC Thread#1" [stack: 0x000000d806f00000,0x000000d807000000] [id=17268]
  0x000002333b7a0d60 WorkerThread "GC Thread#2" [stack: 0x000000d807000000,0x000000d807100000] [id=21412]
  0x000002333b7ad160 WorkerThread "GC Thread#3" [stack: 0x000000d807100000,0x000000d807200000] [id=24848]
  0x000002333b7af440 WorkerThread "GC Thread#4" [stack: 0x000000d807200000,0x000000d807300000] [id=29792]
  0x000002333b7afa30 WorkerThread "GC Thread#5" [stack: 0x000000d807300000,0x000000d807400000] [id=35300]
  0x000002333b7b10b0 WorkerThread "GC Thread#6" [stack: 0x000000d807400000,0x000000d807500000] [id=1284]
  0x000002333b7afd00 WorkerThread "GC Thread#7" [stack: 0x000000d807500000,0x000000d807600000] [id=18360]
  0x000002331f85f320 ConcurrentGCThread "G1 Main Marker" [stack: 0x000000d805b00000,0x000000d805c00000] [id=34316]
  0x000002331f860400 WorkerThread "G1 Conc#0" [stack: 0x000000d805c00000,0x000000d805d00000] [id=21916]
  0x000002333b7b0570 WorkerThread "G1 Conc#1" [stack: 0x000000d807900000,0x000000d807a00000] [id=21996]
  0x0000023336214b10 ConcurrentGCThread "G1 Refine#0" [stack: 0x000000d805d00000,0x000000d805e00000] [id=6624]
  0x0000023336217180 ConcurrentGCThread "G1 Service" [stack: 0x000000d805e00000,0x000000d805f00000] [id=32328]

Threads with active compile tasks:
C1 CompilerThread0   393448 9218   !   1       java.util.concurrent.ScheduledThreadPoolExecutor$DelayedWorkQueue::offer (123 bytes)
C1 CompilerThread1   393448 9226   !   1       java.util.concurrent.ScheduledThreadPoolExecutor$DelayedWorkQueue::take (203 bytes)
C1 CompilerThread2   393448 9220       1       java.util.concurrent.ScheduledThreadPoolExecutor$DelayedWorkQueue::add (6 bytes)

VM state: synchronizing (normal execution)

VM Mutex/Monitor currently owned by a thread:  ([mutex/lock_event])
[0x000002331f7d5bb0] Threads_lock - owner thread: 0x000002333635e4f0

OutOfMemory and StackOverflow Exception counts:
StackOverflowErrors=2
LinkageErrors=163

Heap address: 0x0000000703200000, size: 4046 MB, Compressed Oops mode: Zero based, Oop shift amount: 3

CDS archive(s) mapped at: [0x0000000800000000-0x0000000800c40000-0x0000000800c40000), size 12845056, SharedBaseAddress: 0x0000000800000000, ArchiveRelocationMode: 0.
Compressed class space mapped at: 0x0000000801000000-0x0000000841000000, reserved size: 1073741824
Narrow klass base: 0x0000000800000000, Narrow klass shift: 0, Narrow klass range: 0x100000000

GC Precious Log:
 CardTable entry size: 512
 Card Set container configuration: InlinePtr #cards 4 size 8 Array Of Cards #cards 16 size 48 Howl #buckets 8 coarsen threshold 3686 Howl Bitmap #cards 512 size 80 coarsen threshold 460 Card regions per heap region 1 cards per card region 4096
 CPUs: 8 total, 8 available
 Memory: 16177M
 Large Page Support: Disabled
 NUMA Support: Disabled
 Compressed Oops: Enabled (Zero based)
 Heap Region Size: 2M
 Heap Min Capacity: 8M
 Heap Initial Capacity: 254M
 Heap Max Capacity: 4046M
 Pre-touch: Disabled
 Parallel Workers: 8
 Concurrent Workers: 2
 Concurrent Refinement Workers: 8
 Periodic GC: Disabled

Heap:
 garbage-first heap   total 161792K, used 121939K [0x0000000703200000, 0x0000000800000000)
  region size 2048K, 42 young (86016K), 4 survivors (8192K)
 Metaspace       used 85250K, committed 86080K, reserved 1179648K
  class space    used 11868K, committed 12288K, reserved 1048576K

Heap Regions: E=young(eden), S=young(survivor), O=old, HS=humongous(starts), HC=humongous(continues), CS=collection set, F=free, OA=open archive, CA=closed archive, TAMS=top-at-mark-start (previous, next)
|   0|0x0000000703200000, 0x0000000703400000, 0x0000000703400000|100%| O|  |TAMS 0x0000000703400000, 0x0000000703200000| Untracked 
|   1|0x0000000703400000, 0x0000000703600000, 0x0000000703600000|100%| O|  |TAMS 0x0000000703600000, 0x0000000703400000| Untracked 
|   2|0x0000000703600000, 0x0000000703800000, 0x0000000703800000|100%| O|  |TAMS 0x0000000703800000, 0x0000000703600000| Untracked 
|   3|0x0000000703800000, 0x0000000703a00000, 0x0000000703a00000|100%| O|  |TAMS 0x0000000703a00000, 0x0000000703800000| Untracked 
|   4|0x0000000703a00000, 0x0000000703c00000, 0x0000000703c00000|100%| O|  |TAMS 0x0000000703c00000, 0x0000000703a00000| Untracked 
|   5|0x0000000703c00000, 0x0000000703e00000, 0x0000000703e00000|100%| O|  |TAMS 0x0000000703c00000, 0x0000000703c00000| Untracked 
|   6|0x0000000703e00000, 0x0000000704000000, 0x0000000704000000|100%| O|  |TAMS 0x0000000704000000, 0x0000000703e00000| Untracked 
|   7|0x0000000704000000, 0x0000000704200000, 0x0000000704200000|100%| O|  |TAMS 0x0000000704200000, 0x0000000704000000| Untracked 
|   8|0x0000000704200000, 0x0000000704400000, 0x0000000704400000|100%| O|  |TAMS 0x0000000704400000, 0x0000000704200000| Untracked 
|   9|0x0000000704400000, 0x0000000704600000, 0x0000000704600000|100%| O|  |TAMS 0x0000000704600000, 0x0000000704400000| Untracked 
|  10|0x0000000704600000, 0x0000000704800000, 0x0000000704800000|100%| O|  |TAMS 0x0000000704600000, 0x0000000704600000| Untracked 
|  11|0x0000000704800000, 0x0000000704a00000, 0x0000000704a00000|100%| O|  |TAMS 0x0000000704a00000, 0x0000000704800000| Untracked 
|  12|0x0000000704a00000, 0x0000000704c00000, 0x0000000704c00000|100%| O|  |TAMS 0x0000000704c00000, 0x0000000704a00000| Untracked 
|  13|0x0000000704c00000, 0x0000000704e00000, 0x0000000704e00000|100%| O|  |TAMS 0x0000000704e00000, 0x0000000704c00000| Untracked 
|  14|0x0000000704e00000, 0x0000000705000000, 0x0000000705000000|100%| O|  |TAMS 0x0000000704f57a00, 0x0000000704e00000| Untracked 
|  15|0x0000000705000000, 0x0000000705200000, 0x0000000705200000|100%| O|  |TAMS 0x0000000705000000, 0x0000000705000000| Untracked 
|  16|0x0000000705200000, 0x0000000705400000, 0x0000000705400000|100%| O|  |TAMS 0x0000000705200000, 0x0000000705200000| Untracked 
|  17|0x0000000705400000, 0x0000000705600000, 0x0000000705600000|100%| O|  |TAMS 0x0000000705400000, 0x0000000705400000| Untracked 
|  18|0x0000000705600000, 0x0000000705800000, 0x0000000705800000|100%| O|  |TAMS 0x0000000705600000, 0x0000000705600000| Untracked 
|  19|0x0000000705800000, 0x000000070581fa00, 0x0000000705a00000|  6%| O|  |TAMS 0x0000000705800000, 0x0000000705800000| Untracked 
|  20|0x0000000705a00000, 0x0000000705a00000, 0x0000000705c00000|  0%| F|  |TAMS 0x0000000705a00000, 0x0000000705a00000| Untracked 
|  21|0x0000000705c00000, 0x0000000705c00000, 0x0000000705e00000|  0%| F|  |TAMS 0x0000000705c00000, 0x0000000705c00000| Untracked 
|  22|0x0000000705e00000, 0x0000000705e00000, 0x0000000706000000|  0%| F|  |TAMS 0x0000000705e00000, 0x0000000705e00000| Untracked 
|  23|0x0000000706000000, 0x0000000706000000, 0x0000000706200000|  0%| F|  |TAMS 0x0000000706000000, 0x0000000706000000| Untracked 
|  24|0x0000000706200000, 0x0000000706200000, 0x0000000706400000|  0%| F|  |TAMS 0x0000000706200000, 0x0000000706200000| Untracked 
|  25|0x0000000706400000, 0x0000000706400000, 0x0000000706600000|  0%| F|  |TAMS 0x0000000706400000, 0x0000000706400000| Untracked 
|  26|0x0000000706600000, 0x0000000706600000, 0x0000000706800000|  0%| F|  |TAMS 0x0000000706600000, 0x0000000706600000| Untracked 
|  27|0x0000000706800000, 0x0000000706800000, 0x0000000706a00000|  0%| F|  |TAMS 0x0000000706800000, 0x0000000706800000| Untracked 
|  28|0x0000000706a00000, 0x0000000706af5550, 0x0000000706c00000| 47%| S|CS|TAMS 0x0000000706a00000, 0x0000000706a00000| Complete 
|  29|0x0000000706c00000, 0x0000000706c00000, 0x0000000706e00000|  0%| F|  |TAMS 0x0000000706c00000, 0x0000000706c00000| Untracked 
|  30|0x0000000706e00000, 0x0000000707000000, 0x0000000707000000|100%| S|CS|TAMS 0x0000000706e00000, 0x0000000706e00000| Complete 
|  31|0x0000000707000000, 0x0000000707200000, 0x0000000707200000|100%| S|CS|TAMS 0x0000000707000000, 0x0000000707000000| Complete 
|  32|0x0000000707200000, 0x0000000707400000, 0x0000000707400000|100%| S|CS|TAMS 0x0000000707200000, 0x0000000707200000| Complete 
|  33|0x0000000707400000, 0x0000000707400000, 0x0000000707600000|  0%| F|  |TAMS 0x0000000707400000, 0x0000000707400000| Untracked 
|  34|0x0000000707600000, 0x0000000707600000, 0x0000000707800000|  0%| F|  |TAMS 0x0000000707600000, 0x0000000707600000| Untracked 
|  35|0x0000000707800000, 0x0000000707800000, 0x0000000707a00000|  0%| F|  |TAMS 0x0000000707800000, 0x0000000707800000| Untracked 
|  36|0x0000000707a00000, 0x0000000707a00000, 0x0000000707c00000|  0%| F|  |TAMS 0x0000000707a00000, 0x0000000707a00000| Untracked 
|  37|0x0000000707c00000, 0x0000000707c00000, 0x0000000707e00000|  0%| F|  |TAMS 0x0000000707c00000, 0x0000000707c00000| Untracked 
|  38|0x0000000707e00000, 0x0000000707e00000, 0x0000000708000000|  0%| F|  |TAMS 0x0000000707e00000, 0x0000000707e00000| Untracked 
|  39|0x0000000708000000, 0x0000000708000000, 0x0000000708200000|  0%| F|  |TAMS 0x0000000708000000, 0x0000000708000000| Untracked 
|  40|0x0000000708200000, 0x0000000708200000, 0x0000000708400000|  0%| F|  |TAMS 0x0000000708200000, 0x0000000708200000| Untracked 
|  41|0x0000000708400000, 0x0000000708600000, 0x0000000708600000|100%| E|  |TAMS 0x0000000708400000, 0x0000000708400000| Complete 
|  42|0x0000000708600000, 0x0000000708800000, 0x0000000708800000|100%| E|CS|TAMS 0x0000000708600000, 0x0000000708600000| Complete 
|  43|0x0000000708800000, 0x0000000708a00000, 0x0000000708a00000|100%| E|CS|TAMS 0x0000000708800000, 0x0000000708800000| Complete 
|  44|0x0000000708a00000, 0x0000000708c00000, 0x0000000708c00000|100%| E|CS|TAMS 0x0000000708a00000, 0x0000000708a00000| Complete 
|  45|0x0000000708c00000, 0x0000000708e00000, 0x0000000708e00000|100%| E|CS|TAMS 0x0000000708c00000, 0x0000000708c00000| Complete 
|  46|0x0000000708e00000, 0x0000000709000000, 0x0000000709000000|100%| E|CS|TAMS 0x0000000708e00000, 0x0000000708e00000| Complete 
|  47|0x0000000709000000, 0x0000000709200000, 0x0000000709200000|100%| E|CS|TAMS 0x0000000709000000, 0x0000000709000000| Complete 
|  48|0x0000000709200000, 0x0000000709400000, 0x0000000709400000|100%| E|CS|TAMS 0x0000000709200000, 0x0000000709200000| Complete 
|  49|0x0000000709400000, 0x0000000709600000, 0x0000000709600000|100%| E|CS|TAMS 0x0000000709400000, 0x0000000709400000| Complete 
|  50|0x0000000709600000, 0x0000000709800000, 0x0000000709800000|100%| E|CS|TAMS 0x0000000709600000, 0x0000000709600000| Complete 
|  51|0x0000000709800000, 0x0000000709a00000, 0x0000000709a00000|100%| E|CS|TAMS 0x0000000709800000, 0x0000000709800000| Complete 
|  52|0x0000000709a00000, 0x0000000709c00000, 0x0000000709c00000|100%| E|CS|TAMS 0x0000000709a00000, 0x0000000709a00000| Complete 
|  53|0x0000000709c00000, 0x0000000709e00000, 0x0000000709e00000|100%| E|CS|TAMS 0x0000000709c00000, 0x0000000709c00000| Complete 
|  54|0x0000000709e00000, 0x000000070a000000, 0x000000070a000000|100%| E|CS|TAMS 0x0000000709e00000, 0x0000000709e00000| Complete 
|  55|0x000000070a000000, 0x000000070a200000, 0x000000070a200000|100%| E|CS|TAMS 0x000000070a000000, 0x000000070a000000| Complete 
|  56|0x000000070a200000, 0x000000070a400000, 0x000000070a400000|100%| E|CS|TAMS 0x000000070a200000, 0x000000070a200000| Complete 
|  57|0x000000070a400000, 0x000000070a600000, 0x000000070a600000|100%| E|CS|TAMS 0x000000070a400000, 0x000000070a400000| Complete 
|  58|0x000000070a600000, 0x000000070a800000, 0x000000070a800000|100%| E|CS|TAMS 0x000000070a600000, 0x000000070a600000| Complete 
|  59|0x000000070a800000, 0x000000070aa00000, 0x000000070aa00000|100%| E|CS|TAMS 0x000000070a800000, 0x000000070a800000| Complete 
|  60|0x000000070aa00000, 0x000000070ac00000, 0x000000070ac00000|100%| E|CS|TAMS 0x000000070aa00000, 0x000000070aa00000| Complete 
|  61|0x000000070ac00000, 0x000000070ae00000, 0x000000070ae00000|100%| E|CS|TAMS 0x000000070ac00000, 0x000000070ac00000| Complete 
|  62|0x000000070ae00000, 0x000000070b000000, 0x000000070b000000|100%| E|CS|TAMS 0x000000070ae00000, 0x000000070ae00000| Complete 
|  63|0x000000070b000000, 0x000000070b200000, 0x000000070b200000|100%| E|CS|TAMS 0x000000070b000000, 0x000000070b000000| Complete 
|  64|0x000000070b200000, 0x000000070b400000, 0x000000070b400000|100%| E|CS|TAMS 0x000000070b200000, 0x000000070b200000| Complete 
|  65|0x000000070b400000, 0x000000070b600000, 0x000000070b600000|100%| E|CS|TAMS 0x000000070b400000, 0x000000070b400000| Complete 
|  66|0x000000070b600000, 0x000000070b800000, 0x000000070b800000|100%| E|CS|TAMS 0x000000070b600000, 0x000000070b600000| Complete 
|  67|0x000000070b800000, 0x000000070ba00000, 0x000000070ba00000|100%| E|CS|TAMS 0x000000070b800000, 0x000000070b800000| Complete 
|  68|0x000000070ba00000, 0x000000070bc00000, 0x000000070bc00000|100%| E|CS|TAMS 0x000000070ba00000, 0x000000070ba00000| Complete 
|  69|0x000000070bc00000, 0x000000070be00000, 0x000000070be00000|100%| E|CS|TAMS 0x000000070bc00000, 0x000000070bc00000| Complete 
|  70|0x000000070be00000, 0x000000070c000000, 0x000000070c000000|100%| E|CS|TAMS 0x000000070be00000, 0x000000070be00000| Complete 
|  71|0x000000070c000000, 0x000000070c200000, 0x000000070c200000|100%| E|CS|TAMS 0x000000070c000000, 0x000000070c000000| Complete 
|  72|0x000000070c200000, 0x000000070c400000, 0x000000070c400000|100%| E|CS|TAMS 0x000000070c200000, 0x000000070c200000| Complete 
|  73|0x000000070c400000, 0x000000070c600000, 0x000000070c600000|100%| E|CS|TAMS 0x000000070c400000, 0x000000070c400000| Complete 
|  74|0x000000070c600000, 0x000000070c800000, 0x000000070c800000|100%| E|CS|TAMS 0x000000070c600000, 0x000000070c600000| Complete 
|  75|0x000000070c800000, 0x000000070ca00000, 0x000000070ca00000|100%| E|CS|TAMS 0x000000070c800000, 0x000000070c800000| Complete 
|  76|0x000000070ca00000, 0x000000070cc00000, 0x000000070cc00000|100%| E|CS|TAMS 0x000000070ca00000, 0x000000070ca00000| Complete 
|  77|0x000000070cc00000, 0x000000070ce00000, 0x000000070ce00000|100%| E|CS|TAMS 0x000000070cc00000, 0x000000070cc00000| Complete 
| 126|0x0000000712e00000, 0x0000000713000000, 0x0000000713000000|100%| E|CS|TAMS 0x0000000712e00000, 0x0000000712e00000| Complete 

Card table byte_map: [0x000002332b000000,0x000002332b7f0000] _byte_map_base: 0x00000233277e7000

Marking Bits (Prev, Next): (CMBitMap*) 0x000002331f84eaf0, (CMBitMap*) 0x000002331f84eab0
 Prev Bits: [0x000002332ff20000, 0x0000023333e58000)
 Next Bits: [0x000002332bfe0000, 0x000002332ff18000)

Polling page: 0x000002331d6d0000

Metaspace:

Usage:
  Non-class:     71.66 MB used.
      Class:     11.59 MB used.
       Both:     83.25 MB used.

Virtual space:
  Non-class space:      128.00 MB reserved,      72.06 MB ( 56%) committed,  2 nodes.
      Class space:        1.00 GB reserved,      12.00 MB (  1%) committed,  1 nodes.
             Both:        1.12 GB reserved,      84.06 MB (  7%) committed. 

Chunk freelists:
   Non-Class:  3.48 MB
       Class:  48.00 KB
        Both:  3.53 MB

MaxMetaspaceSize: unlimited
CompressedClassSpaceSize: 1.00 GB
Initial GC threshold: 21.00 MB
Current GC threshold: 99.19 MB
CDS: on
MetaspaceReclaimPolicy: balanced
 - commit_granule_bytes: 65536.
 - commit_granule_words: 8192.
 - virtual_space_node_default_size: 8388608.
 - enlarge_chunks_in_place: 1.
 - new_chunks_are_fully_committed: 0.
 - uncommit_free_chunks: 1.
 - use_allocation_guard: 0.


Internal statistics:

num_allocs_failed_limit: 12.
num_arena_births: 1196.
num_arena_deaths: 0.
num_vsnodes_births: 3.
num_vsnodes_deaths: 0.
num_space_committed: 1345.
num_space_uncommitted: 0.
num_chunks_returned_to_freelist: 12.
num_chunks_taken_from_freelist: 4031.
num_chunk_merges: 12.
num_chunk_splits: 3064.
num_chunks_enlarged: 2550.
num_inconsistent_stats: 0.

CodeCache: size=49152Kb used=17405Kb max_used=17962Kb free=31746Kb
 bounds [0x0000023327700000, 0x0000023328890000, 0x000002332a700000]
 total_blobs=9802 nmethods=9050 adapters=672
 compilation: enabled
              stopped_count=0, restarted_count=0
 full_count=0

Compilation events (20 events):
Event: 393.368 Thread 0x00000233363835b0 9213       1       org.apache.catalina.util.LifecycleBase::fireLifecycleEvent (56 bytes)
Event: 393.368 Thread 0x00000233363835b0 nmethod 9213 0x00000233287e2410 code [0x00000233287e2600, 0x00000233287e2998]
Event: 393.368 Thread 0x00000233363835b0 9215       1       java.util.LinkedList::unlinkLast (64 bytes)
Event: 393.368 Thread 0x00000233363835b0 nmethod 9215 0x00000233287e1f10 code [0x00000233287e20c0, 0x00000233287e22f8]
Event: 393.370 Thread 0x00000233363835b0 9222       1       java.util.concurrent.ScheduledThreadPoolExecutor$DelayedWorkQueue::siftUp (64 bytes)
Event: 393.370 Thread 0x000002333c5a7f50 9226   !   1       java.util.concurrent.ScheduledThreadPoolExecutor$DelayedWorkQueue::take (203 bytes)
Event: 393.370 Thread 0x000002333b7274f0 9225   !   1       java.util.concurrent.ThreadPoolExecutor::getTask (177 bytes)
Event: 393.370 Thread 0x00000233363835b0 nmethod 9222 0x00000233287e1490 code [0x00000233287e1680, 0x00000233287e1bc8]
Event: 393.370 Thread 0x00000233363835b0 9216       1       java.util.concurrent.locks.ReentrantLock::lockInterruptibly (8 bytes)
Event: 393.370 Thread 0x00000233363835b0 nmethod 9216 0x00000233287e0e90 code [0x00000233287e1060, 0x00000233287e1298]
Event: 393.370 Thread 0x00000233363835b0 9217       1       java.util.concurrent.locks.ReentrantLock$Sync::lockInterruptibly (27 bytes)
Event: 393.371 Thread 0x00000233363835b0 nmethod 9217 0x00000233287e0910 code [0x00000233287e0ae0, 0x00000233287e0cf8]
Event: 393.371 Thread 0x00000233363835b0 9218   !   1       java.util.concurrent.ScheduledThreadPoolExecutor$DelayedWorkQueue::offer (123 bytes)
Event: 393.371 Thread 0x000002333b7274f0 nmethod 9225 0x00000233287dff10 code [0x00000233287e0100, 0x00000233287e0658]
Event: 393.371 Thread 0x000002333b7274f0 9219       1       java.util.concurrent.ThreadPoolExecutor::ensurePrestart (41 bytes)
Event: 393.371 Thread 0x000002333b7274f0 nmethod 9219 0x00000233287dfb10 code [0x00000233287dfcc0, 0x00000233287dfe38]
Event: 393.371 Thread 0x000002333b7274f0 9221       1       java.util.concurrent.ScheduledThreadPoolExecutor$DelayedWorkQueue::add (9 bytes)
Event: 393.371 Thread 0x000002333b7274f0 nmethod 9221 0x00000233287df710 code [0x00000233287df8c0, 0x00000233287dfa08]
Event: 393.371 Thread 0x000002333b7274f0 9220       1       java.util.concurrent.ScheduledThreadPoolExecutor$DelayedWorkQueue::add (6 bytes)
Event: 393.371 Thread 0x000002333c5a7f50 nmethod 9226 0x0000023327db1a90 code [0x0000023327db1da0, 0x0000023327db2928]

GC Heap History (20 events):
Event: 12.229 GC heap before
{Heap before GC invocations=11 (full 0):
 garbage-first heap   total 96256K, used 76442K [0x0000000703200000, 0x0000000800000000)
  region size 2048K, 28 young (57344K), 2 survivors (4096K)
 Metaspace       used 48919K, committed 49536K, reserved 1114112K
  class space    used 6484K, committed 6784K, reserved 1048576K
}
Event: 12.238 GC heap after
{Heap after GC invocations=12 (full 0):
 garbage-first heap   total 96256K, used 28613K [0x0000000703200000, 0x0000000800000000)
  region size 2048K, 4 young (8192K), 4 survivors (8192K)
 Metaspace       used 48919K, committed 49536K, reserved 1114112K
  class space    used 6484K, committed 6784K, reserved 1048576K
}
Event: 12.316 GC heap before
{Heap before GC invocations=12 (full 0):
 garbage-first heap   total 96256K, used 30661K [0x0000000703200000, 0x0000000800000000)
  region size 2048K, 5 young (10240K), 4 survivors (8192K)
 Metaspace       used 49589K, committed 50240K, reserved 1114112K
  class space    used 6552K, committed 6848K, reserved 1048576K
}
Event: 12.325 GC heap after
{Heap after GC invocations=13 (full 0):
 garbage-first heap   total 96256K, used 29111K [0x0000000703200000, 0x0000000800000000)
  region size 2048K, 1 young (2048K), 1 survivors (2048K)
 Metaspace       used 49589K, committed 50240K, reserved 1114112K
  class space    used 6552K, committed 6848K, reserved 1048576K
}
Event: 13.073 GC heap before
{Heap before GC invocations=13 (full 0):
 garbage-first heap   total 96256K, used 70071K [0x0000000703200000, 0x0000000800000000)
  region size 2048K, 22 young (45056K), 1 survivors (2048K)
 Metaspace       used 58735K, committed 59264K, reserved 1114112K
  class space    used 7901K, committed 8128K, reserved 1048576K
}
Event: 13.078 GC heap after
{Heap after GC invocations=14 (full 0):
 garbage-first heap   total 96256K, used 30494K [0x0000000703200000, 0x0000000800000000)
  region size 2048K, 2 young (4096K), 2 survivors (4096K)
 Metaspace       used 58735K, committed 59264K, reserved 1114112K
  class space    used 7901K, committed 8128K, reserved 1048576K
}
Event: 13.226 GC heap before
{Heap before GC invocations=14 (full 0):
 garbage-first heap   total 96256K, used 36638K [0x0000000703200000, 0x0000000800000000)
  region size 2048K, 6 young (12288K), 2 survivors (4096K)
 Metaspace       used 60063K, committed 60608K, reserved 1114112K
  class space    used 8128K, committed 8384K, reserved 1048576K
}
Event: 13.229 GC heap after
{Heap after GC invocations=15 (full 0):
 garbage-first heap   total 96256K, used 30676K [0x0000000703200000, 0x0000000800000000)
  region size 2048K, 2 young (4096K), 2 survivors (4096K)
 Metaspace       used 60063K, committed 60608K, reserved 1114112K
  class space    used 8128K, committed 8384K, reserved 1048576K
}
Event: 13.696 GC heap before
{Heap before GC invocations=16 (full 0):
 garbage-first heap   total 96256K, used 73684K [0x0000000703200000, 0x0000000800000000)
  region size 2048K, 23 young (47104K), 2 survivors (4096K)
 Metaspace       used 63480K, committed 64128K, reserved 1114112K
  class space    used 8722K, committed 9024K, reserved 1048576K
}
Event: 13.702 GC heap after
{Heap after GC invocations=17 (full 0):
 garbage-first heap   total 96256K, used 32584K [0x0000000703200000, 0x0000000800000000)
  region size 2048K, 3 young (6144K), 3 survivors (6144K)
 Metaspace       used 63480K, committed 64128K, reserved 1114112K
  class space    used 8722K, committed 9024K, reserved 1048576K
}
Event: 13.811 GC heap before
{Heap before GC invocations=17 (full 0):
 garbage-first heap   total 96256K, used 34632K [0x0000000703200000, 0x0000000800000000)
  region size 2048K, 4 young (8192K), 3 survivors (6144K)
 Metaspace       used 63944K, committed 64576K, reserved 1114112K
  class space    used 8784K, committed 9088K, reserved 1048576K
}
Event: 13.825 GC heap after
{Heap after GC invocations=18 (full 0):
 garbage-first heap   total 96256K, used 32541K [0x0000000703200000, 0x0000000800000000)
  region size 2048K, 1 young (2048K), 1 survivors (2048K)
 Metaspace       used 63944K, committed 64576K, reserved 1114112K
  class space    used 8784K, committed 9088K, reserved 1048576K
}
Event: 18.045 GC heap before
{Heap before GC invocations=18 (full 0):
 garbage-first heap   total 96256K, used 73501K [0x0000000703200000, 0x0000000800000000)
  region size 2048K, 22 young (45056K), 1 survivors (2048K)
 Metaspace       used 67727K, committed 68416K, reserved 1114112K
  class space    used 9279K, committed 9600K, reserved 1048576K
}
Event: 18.050 GC heap after
{Heap after GC invocations=19 (full 0):
 garbage-first heap   total 161792K, used 34353K [0x0000000703200000, 0x0000000800000000)
  region size 2048K, 2 young (4096K), 2 survivors (4096K)
 Metaspace       used 67727K, committed 68416K, reserved 1114112K
  class space    used 9279K, committed 9600K, reserved 1048576K
}
Event: 18.573 GC heap before
{Heap before GC invocations=19 (full 0):
 garbage-first heap   total 161792K, used 126513K [0x0000000703200000, 0x0000000800000000)
  region size 2048K, 47 young (96256K), 2 survivors (4096K)
 Metaspace       used 73095K, committed 73856K, reserved 1114112K
  class space    used 10208K, committed 10560K, reserved 1048576K
}
Event: 18.578 GC heap after
{Heap after GC invocations=20 (full 0):
 garbage-first heap   total 161792K, used 39017K [0x0000000703200000, 0x0000000800000000)
  region size 2048K, 4 young (8192K), 4 survivors (8192K)
 Metaspace       used 73095K, committed 73856K, reserved 1114112K
  class space    used 10208K, committed 10560K, reserved 1048576K
}
Event: 18.867 GC heap before
{Heap before GC invocations=20 (full 0):
 garbage-first heap   total 161792K, used 125033K [0x0000000703200000, 0x0000000800000000)
  region size 2048K, 46 young (94208K), 4 survivors (8192K)
 Metaspace       used 73799K, committed 74496K, reserved 1114112K
  class space    used 10302K, committed 10624K, reserved 1048576K
}
Event: 18.872 GC heap after
{Heap after GC invocations=21 (full 0):
 garbage-first heap   total 161792K, used 41738K [0x0000000703200000, 0x0000000800000000)
  region size 2048K, 4 young (8192K), 4 survivors (8192K)
 Metaspace       used 73799K, committed 74496K, reserved 1114112K
  class space    used 10302K, committed 10624K, reserved 1048576K
}
Event: 19.443 GC heap before
{Heap before GC invocations=21 (full 0):
 garbage-first heap   total 161792K, used 129802K [0x0000000703200000, 0x0000000800000000)
  region size 2048K, 47 young (96256K), 4 survivors (8192K)
 Metaspace       used 77667K, committed 78400K, reserved 1179648K
  class space    used 10861K, committed 11200K, reserved 1048576K
}
Event: 19.449 GC heap after
{Heap after GC invocations=22 (full 0):
 garbage-first heap   total 161792K, used 46163K [0x0000000703200000, 0x0000000800000000)
  region size 2048K, 4 young (8192K), 4 survivors (8192K)
 Metaspace       used 77667K, committed 78400K, reserved 1179648K
  class space    used 10861K, committed 11200K, reserved 1048576K
}

Dll operation events (13 events):
Event: 0.214 Loaded shared library C:\Users\Hieu\.jdks\openjdk-19.0.2\bin\java.dll
Event: 0.216 Loaded shared library C:\Users\Hieu\.jdks\openjdk-19.0.2\bin\zip.dll
Event: 0.233 Loaded shared library C:\Users\Hieu\.jdks\openjdk-19.0.2\bin\jsvml.dll
Event: 0.879 Loaded shared library C:\Users\Hieu\.jdks\openjdk-19.0.2\bin\instrument.dll
Event: 1.038 Loaded shared library C:\Users\Hieu\.jdks\openjdk-19.0.2\bin\net.dll
Event: 1.040 Loaded shared library C:\Users\Hieu\.jdks\openjdk-19.0.2\bin\nio.dll
Event: 1.043 Loaded shared library C:\Users\Hieu\.jdks\openjdk-19.0.2\bin\zip.dll
Event: 2.132 Loaded shared library C:\Users\Hieu\.jdks\openjdk-19.0.2\bin\jimage.dll
Event: 2.857 Loaded shared library C:\Users\Hieu\.jdks\openjdk-19.0.2\bin\management.dll
Event: 2.869 Loaded shared library C:\Users\Hieu\.jdks\openjdk-19.0.2\bin\management_ext.dll
Event: 3.072 Loaded shared library C:\Users\Hieu\.jdks\openjdk-19.0.2\bin\extnet.dll
Event: 10.409 Loaded shared library C:\Users\Hieu\.jdks\openjdk-19.0.2\bin\sunmscapi.dll
Event: 11.172 Loaded shared library C:\Users\Hieu\.jdks\openjdk-19.0.2\bin\verify.dll

Deoptimization events (20 events):
Event: 89.236 Thread 0x000002333d393af0 DEOPT PACKING pc=0x0000023327bdb81c sp=0x000000d8085fa560
Event: 89.236 Thread 0x000002333d393af0 DEOPT UNPACKING pc=0x0000023327767543 sp=0x000000d8085f9a08 mode 1
Event: 89.236 Thread 0x000002333d393af0 DEOPT PACKING pc=0x0000023327b8dde4 sp=0x000000d8085faee0
Event: 89.236 Thread 0x000002333d393af0 DEOPT UNPACKING pc=0x0000023327767543 sp=0x000000d8085fa3a8 mode 1
Event: 89.236 Thread 0x000002333d393af0 DEOPT PACKING pc=0x0000023327b8dadc sp=0x000000d8085faf70
Event: 89.236 Thread 0x000002333d393af0 DEOPT UNPACKING pc=0x0000023327767543 sp=0x000000d8085fa448 mode 1
Event: 118.760 Thread 0x000002333d398550 DEOPT PACKING pc=0x0000023328287e84 sp=0x000000d8087fbe40
Event: 118.760 Thread 0x000002333d398550 DEOPT UNPACKING pc=0x0000023327767543 sp=0x000000d8087fb2e8 mode 1
Event: 118.760 Thread 0x000002333d398550 DEOPT PACKING pc=0x0000023327b05b54 sp=0x000000d8087fbea0
Event: 118.760 Thread 0x000002333d398550 DEOPT UNPACKING pc=0x0000023327767543 sp=0x000000d8087fb340 mode 1
Event: 118.760 Thread 0x000002333d398550 DEOPT PACKING pc=0x000002332805682c sp=0x000000d8087fbf00
Event: 118.760 Thread 0x000002333d398550 DEOPT UNPACKING pc=0x0000023327767543 sp=0x000000d8087fb468 mode 1
Event: 118.809 Thread 0x000002333d398550 DEOPT PACKING pc=0x0000023328287e84 sp=0x000000d8087fc320
Event: 118.809 Thread 0x000002333d398550 DEOPT UNPACKING pc=0x0000023327767543 sp=0x000000d8087fb7c8 mode 1
Event: 118.809 Thread 0x000002333d398550 DEOPT PACKING pc=0x0000023327b05b54 sp=0x000000d8087fc380
Event: 118.809 Thread 0x000002333d398550 DEOPT UNPACKING pc=0x0000023327767543 sp=0x000000d8087fb820 mode 1
Event: 118.809 Thread 0x000002333d398550 DEOPT PACKING pc=0x000002332805682c sp=0x000000d8087fc3e0
Event: 118.809 Thread 0x000002333d398550 DEOPT UNPACKING pc=0x0000023327767543 sp=0x000000d8087fb948 mode 1
Event: 273.109 Thread 0x000002333d398550 DEOPT PACKING pc=0x00000233282dfb24 sp=0x000000d8087fbc50
Event: 273.109 Thread 0x000002333d398550 DEOPT UNPACKING pc=0x0000023327767543 sp=0x000000d8087fb0f8 mode 0

Classes loaded (20 events):
Event: 89.249 Loading class org/apache/catalina/core/ApplicationDispatcher$State
Event: 89.249 Loading class org/apache/catalina/core/ApplicationDispatcher$State done
Event: 89.249 Loading class org/apache/catalina/core/ApplicationHttpRequest
Event: 89.249 Loading class org/apache/catalina/core/ApplicationHttpRequest done
Event: 89.251 Loading class org/apache/catalina/core/ApplicationHttpRequest$AttributeNamesEnumerator
Event: 89.251 Loading class org/apache/catalina/core/ApplicationHttpRequest$AttributeNamesEnumerator done
Event: 89.252 Loading class org/springframework/web/servlet/handler/AbstractHandlerMethodMapping$MatchComparator
Event: 89.252 Loading class org/springframework/web/servlet/handler/AbstractHandlerMethodMapping$MatchComparator done
Event: 89.253 Loading class jakarta/servlet/http/HttpServletRequest
Event: 89.253 Loading class jakarta/servlet/http/HttpServletRequest done
Event: 89.253 Loading class jakarta/servlet/http/HttpServletRequest
Event: 89.253 Loading class jakarta/servlet/http/HttpServletRequest done
Event: 89.253 Loading class org/springframework/web/servlet/mvc/method/RequestMappingInfo
Event: 89.253 Loading class org/springframework/web/servlet/mvc/method/RequestMappingInfo done
Event: 89.257 Loading class org/springframework/boot/web/error/ErrorAttributeOptions$Include
Event: 89.257 Loading class org/springframework/boot/web/error/ErrorAttributeOptions$Include done
Event: 89.257 Loading class org/springframework/boot/autoconfigure/web/servlet/error/BasicErrorController$1
Event: 89.257 Loading class org/springframework/boot/autoconfigure/web/servlet/error/BasicErrorController$1 done
Event: 121.379 Loading class com/intellij/rt/debugger/BatchEvaluatorServer
Event: 121.379 Loading class com/intellij/rt/debugger/BatchEvaluatorServer done

Classes unloaded (0 events):
No events

Classes redefined (0 events):
No events

Internal exceptions (20 events):
Event: 18.535 Thread 0x000002331f7da080 Exception <a 'java/lang/NoSuchMethodError'{0x000000070781dc70}: 'long java.lang.invoke.DirectMethodHandle$Holder.invokeVirtual(java.lang.Object, java.lang.Object)'> (0x000000070781dc70) 
thrown [s\open\src\hotspot\share\interpreter\linkResolver.cpp, line 774]
Event: 18.962 Thread 0x000002331f7da080 Exception <a 'java/lang/NoSuchMethodError'{0x000000070b8ba4c8}: 'java.lang.Object java.lang.invoke.DirectMethodHandle$Holder.newInvokeSpecial(java.lang.Object, java.lang.Object, java.lang.Object, java.lang.Object, java.lang.Object, java.lang.Object, java.lang.Object, java.lang.Object, java.lang.Object, java.lang.Object)'> (0x000000070b8ba4c8) 
thrown [s\open\src\hotspot\share\interpreter\linkResolver.cpp, line 774]
Event: 18.975 Thread 0x000002331f7da080 Exception <a 'java/lang/NoSuchMethodError'{0x000000070b901308}: 'java.lang.Object java.lang.invoke.DirectMethodHandle$Holder.invokeStatic(java.lang.Object, java.lang.Object, java.lang.Object, java.lang.Object, java.lang.Object, java.lang.Object, java.lang.Object, java.lang.Object, java.lang.Object, java.lang.Object, java.lang.Object, java.lang.Object, java.lang.Object)'> (0x000000070b901308) 
thrown [s\open\src\hotspot\share\interpreter\linkResolver.cpp, line 774]
Event: 19.185 Thread 0x000002331f7da080 Exception <a 'java/lang/NoSuchMethodError'{0x00000007096fdef0}: 'java.lang.Object java.lang.invoke.DirectMethodHandle$Holder.newInvokeSpecial(java.lang.Object, java.lang.Object, java.lang.Object, java.lang.Object, java.lang.Object, java.lang.Object, java.lang.Object, java.lang.Object)'> (0x00000007096fdef0) 
thrown [s\open\src\hotspot\share\interpreter\linkResolver.cpp, line 774]
Event: 19.380 Thread 0x000002331f7da080 Exception <a 'java/lang/IncompatibleClassChangeError'{0x000000070814ef90}: Found class java.lang.Object, but interface was expected> (0x000000070814ef90) 
thrown [s\open\src\hotspot\share\interpreter\linkResolver.cpp, line 841]
Event: 19.469 Thread 0x000002331f7da080 Exception <a 'java/lang/NoSuchMethodError'{0x0000000712f563c0}: 'void java.lang.invoke.DirectMethodHandle$Holder.invokeVirtual(java.lang.Object, java.lang.Object, long)'> (0x0000000712f563c0) 
thrown [s\open\src\hotspot\share\interpreter\linkResolver.cpp, line 774]
Event: 19.745 Thread 0x000002331f7da080 Exception <a 'java/lang/NoSuchMethodError'{0x000000070a601830}: 'java.lang.Object java.lang.invoke.DirectMethodHandle$Holder.newInvokeSpecial(java.lang.Object, java.lang.Object, int, java.lang.Object, java.lang.Object)'> (0x000000070a601830) 
thrown [s\open\src\hotspot\share\interpreter\linkResolver.cpp, line 774]
Event: 19.745 Thread 0x000002331f7da080 Exception <a 'java/lang/NoSuchMethodError'{0x000000070a60cae0}: 'java.lang.Object java.lang.invoke.DirectMethodHandle$Holder.invokeSpecial(java.lang.Object, java.lang.Object, int, java.lang.Object, int, java.lang.Object)'> (0x000000070a60cae0) 
thrown [s\open\src\hotspot\share\interpreter\linkResolver.cpp, line 774]
Event: 19.746 Thread 0x000002331f7da080 Exception <a 'java/lang/NoSuchMethodError'{0x000000070a614838}: 'java.lang.Object java.lang.invoke.DirectMethodHandle$Holder.newInvokeSpecial(java.lang.Object, java.lang.Object, int, java.lang.Object, int)'> (0x000000070a614838) 
thrown [s\open\src\hotspot\share\interpreter\linkResolver.cpp, line 774]
Event: 19.746 Thread 0x000002331f7da080 Exception <a 'java/lang/NoSuchMethodError'{0x000000070a618950}: 'java.lang.Object java.lang.invoke.DirectMethodHandle$Holder.invokeSpecial(java.lang.Object, java.lang.Object, java.lang.Object, int, java.lang.Object, int)'> (0x000000070a618950) 
thrown [s\open\src\hotspot\share\interpreter\linkResolver.cpp, line 774]
Event: 27.450 Thread 0x000002333cdca580 Exception <a 'java/lang/NoSuchMethodError'{0x000000070a083808}: 'java.lang.Object java.lang.invoke.DirectMethodHandle$Holder.invokeSpecial(java.lang.Object, java.lang.Object, java.lang.Object, java.lang.Object, java.lang.Object, long)'> (0x000000070a083808) 
thrown [s\open\src\hotspot\share\interpreter\linkResolver.cpp, line 774]
Event: 27.450 Thread 0x000002333cdca580 Exception <a 'java/lang/NoSuchMethodError'{0x000000070a087258}: 'java.lang.Object java.lang.invoke.Invokers$Holder.linkToTargetMethod(java.lang.Object, java.lang.Object, java.lang.Object, long, java.lang.Object)'> (0x000000070a087258) 
thrown [s\open\src\hotspot\share\interpreter\linkResolver.cpp, line 774]
Event: 27.513 Thread 0x000002333cdc7060 Exception <a 'java/lang/NoSuchMethodError'{0x0000000709f33898}: 'java.lang.Object java.lang.invoke.DirectMethodHandle$Holder.invokeStatic(java.lang.Object, int, int)'> (0x0000000709f33898) 
thrown [s\open\src\hotspot\share\interpreter\linkResolver.cpp, line 774]
Event: 27.731 Thread 0x000002333cdc7060 Exception <a 'java/lang/NoSuchMethodError'{0x000000070929ef90}: 'void java.lang.invoke.DirectMethodHandle$Holder.invokeSpecialIFC(java.lang.Object, java.lang.Object, int, java.lang.Object, java.lang.Object, java.lang.Object, java.lang.Object)'> (0x000000070929ef90) 
thrown [s\open\src\hotspot\share\interpreter\linkResolver.cpp, line 774]
Event: 28.146 Thread 0x000002333cdc7060 Exception <a 'java/lang/NoSuchMethodError'{0x0000000708bd83a8}: 'void java.lang.invoke.DirectMethodHandle$Holder.invokeSpecial(java.lang.Object, java.lang.Object, java.lang.Object, java.lang.Object, java.lang.Object, java.lang.Object, java.lang.Object, java.lang.Object, java.lang.Object)'> (0x0000000708bd83a8) 
thrown [s\open\src\hotspot\share\interpreter\linkResolver.cpp, line 774]
Event: 28.147 Thread 0x000002333cdc7060 Exception <a 'java/lang/NoSuchMethodError'{0x0000000708bf84e8}: 'int java.lang.invoke.DirectMethodHandle$Holder.invokeStatic(java.lang.Object, java.lang.Object, int, int)'> (0x0000000708bf84e8) 
thrown [s\open\src\hotspot\share\interpreter\linkResolver.cpp, line 774]
Event: 88.680 Thread 0x000002333d393af0 Exception <a 'java/lang/NoSuchMethodError'{0x000000070866a6e8}: 'java.lang.Object java.lang.invoke.DirectMethodHandle$Holder.invokeInterface(java.lang.Object, java.lang.Object, java.lang.Object, java.lang.Object)'> (0x000000070866a6e8) 
thrown [s\open\src\hotspot\share\interpreter\linkResolver.cpp, line 774]
Event: 89.030 Thread 0x000002333d393af0 Exception <a 'java/lang/NoSuchMethodError'{0x00000007086f5ed8}: 'void java.lang.invoke.Invokers$Holder.invokeExact_MT(java.lang.Object, java.lang.Object, int, java.lang.Object)'> (0x00000007086f5ed8) 
thrown [s\open\src\hotspot\share\interpreter\linkResolver.cpp, line 774]
Event: 121.726 Thread 0x000002333d398550 Exception <a 'java/lang/StackOverflowError'{0x00000007085c7f20}> (0x00000007085c7f20) 
thrown [s\open\src\hotspot\share\interpreter\interpreterRuntime.cpp, line 374]
Event: 218.703 Thread 0x000002333d398550 Exception <a 'java/lang/StackOverflowError'{0x00000007085ee9b8}> (0x00000007085ee9b8) 
thrown [s\open\src\hotspot\share\interpreter\interpreterRuntime.cpp, line 374]

VM Operations (20 events):
Event: 276.864 Executing VM operation: get/set locals done
Event: 276.877 Executing VM operation: get/set locals
Event: 276.878 Executing VM operation: get/set locals done
Event: 276.883 Executing VM operation: get/set locals
Event: 276.883 Executing VM operation: get/set locals done
Event: 276.899 Executing VM operation: get/set locals
Event: 276.900 Executing VM operation: get/set locals done
Event: 276.918 Executing VM operation: get/set locals
Event: 276.918 Executing VM operation: get/set locals done
Event: 276.926 Executing VM operation: get/set locals
Event: 276.926 Executing VM operation: get/set locals done
Event: 276.940 Executing VM operation: get/set locals
Event: 276.940 Executing VM operation: get/set locals done
Event: 276.945 Executing VM operation: get/set locals
Event: 276.945 Executing VM operation: get/set locals done
Event: 276.950 Executing VM operation: get/set locals
Event: 276.950 Executing VM operation: get/set locals done
Event: 276.966 Executing VM operation: get/set locals
Event: 276.967 Executing VM operation: get/set locals done
Event: 393.371 Executing VM operation: ChangeBreakpoints

Events (20 events):
Event: 27.723 Thread 0x0000023336384010 flushing nmethod 0x0000023328488910
Event: 27.723 Thread 0x0000023336384010 flushing nmethod 0x000002332849a910
Event: 27.723 Thread 0x0000023336384010 flushing nmethod 0x00000233284a8c90
Event: 27.723 Thread 0x0000023336384010 flushing nmethod 0x00000233284aa290
Event: 27.723 Thread 0x0000023336384010 flushing nmethod 0x00000233285eff90
Event: 27.724 Thread 0x0000023336384010 flushing nmethod 0x0000023328637f10
Event: 27.724 Thread 0x0000023336384010 flushing nmethod 0x0000023328666e90
Event: 27.724 Thread 0x0000023336384010 flushing nmethod 0x0000023328729d90
Event: 27.724 Thread 0x0000023336384010 flushing nmethod 0x0000023328759990
Event: 27.724 Thread 0x0000023336384010 flushing nmethod 0x00000233287afd90
Event: 27.724 Thread 0x0000023336384010 flushing nmethod 0x00000233287b8910
Event: 27.724 Thread 0x0000023336384010 flushing nmethod 0x00000233287dd490
Event: 27.724 Thread 0x0000023336384010 flushing nmethod 0x00000233287dea90
Event: 27.724 Thread 0x0000023336384010 flushing nmethod 0x0000023328815a10
Event: 30.767 Thread 0x0000023336348de0 Thread exited: 0x0000023336348de0
Event: 89.234 Thread 0x000002333c5a7f50 Thread added: 0x000002333c5a7f50
Event: 94.767 Thread 0x000002333c5a7f50 Thread exited: 0x000002333c5a7f50
Event: 393.369 Thread 0x000002333c5a7f50 Thread added: 0x000002333c5a7f50
Event: 393.370 Thread 0x000002333b7274f0 Thread added: 0x000002333b7274f0
Event: 393.371 Thread 0x000002333adb4530 Thread exited: 0x000002333adb4530


Dynamic libraries:
0x00007ff62af00000 - 0x00007ff62af0e000 	C:\Users\Hieu\.jdks\openjdk-19.0.2\bin\java.exe
0x00007ffec17d0000 - 0x00007ffec19e7000 	C:\WINDOWS\SYSTEM32\ntdll.dll
0x00007ffe8e460000 - 0x00007ffe8e479000 	C:\Program Files\Avast Software\Avast\aswhook.dll
0x00007ffec1360000 - 0x00007ffec1424000 	C:\WINDOWS\System32\KERNEL32.DLL
0x00007ffebef30000 - 0x00007ffebf2d6000 	C:\WINDOWS\System32\KERNELBASE.dll
0x00007ffebec70000 - 0x00007ffebed81000 	C:\WINDOWS\System32\ucrtbase.dll
0x00007ffe91370000 - 0x00007ffe9138b000 	C:\Users\Hieu\.jdks\openjdk-19.0.2\bin\VCRUNTIME140.dll
0x00007ffe95d10000 - 0x00007ffe95d27000 	C:\Users\Hieu\.jdks\openjdk-19.0.2\bin\jli.dll
0x00007ffec11b0000 - 0x00007ffec135e000 	C:\WINDOWS\System32\USER32.dll
0x00007ffebf4f0000 - 0x00007ffebf516000 	C:\WINDOWS\System32\win32u.dll
0x00007ffea8400000 - 0x00007ffea8693000 	C:\WINDOWS\WinSxS\amd64_microsoft.windows.common-controls_6595b64144ccf1df_6.0.22621.2506_none_270c5ae97388e100\COMCTL32.dll
0x00007ffec0d70000 - 0x00007ffec0d99000 	C:\WINDOWS\System32\GDI32.dll
0x00007ffec0da0000 - 0x00007ffec0e47000 	C:\WINDOWS\System32\msvcrt.dll
0x00007ffebed90000 - 0x00007ffebeea8000 	C:\WINDOWS\System32\gdi32full.dll
0x00007ffebeb10000 - 0x00007ffebebaa000 	C:\WINDOWS\System32\msvcp_win.dll
0x00007ffec06d0000 - 0x00007ffec0701000 	C:\WINDOWS\System32\IMM32.DLL
0x00007ffe97f90000 - 0x00007ffe97f9c000 	C:\Users\Hieu\.jdks\openjdk-19.0.2\bin\vcruntime140_1.dll
0x00007ffe72720000 - 0x00007ffe727ae000 	C:\Users\Hieu\.jdks\openjdk-19.0.2\bin\msvcp140.dll
0x00007ffe26170000 - 0x00007ffe26e30000 	C:\Users\Hieu\.jdks\openjdk-19.0.2\bin\server\jvm.dll
0x00007ffec0ed0000 - 0x00007ffec0f83000 	C:\WINDOWS\System32\ADVAPI32.dll
0x00007ffec16e0000 - 0x00007ffec1788000 	C:\WINDOWS\System32\sechost.dll
0x00007ffebf4c0000 - 0x00007ffebf4e8000 	C:\WINDOWS\System32\bcrypt.dll
0x00007ffec0710000 - 0x00007ffec0827000 	C:\WINDOWS\System32\RPCRT4.dll
0x00007ffeb6f60000 - 0x00007ffeb6f94000 	C:\WINDOWS\SYSTEM32\WINMM.dll
0x00007ffeb6880000 - 0x00007ffeb688a000 	C:\WINDOWS\SYSTEM32\VERSION.dll
0x00007ffea1f60000 - 0x00007ffea1f69000 	C:\WINDOWS\SYSTEM32\WSOCK32.dll
0x00007ffebfe90000 - 0x00007ffebff01000 	C:\WINDOWS\System32\ws2_32.DLL
0x00007ffebdc00000 - 0x00007ffebdc18000 	C:\WINDOWS\SYSTEM32\kernel.appcore.dll
0x00007ffe91360000 - 0x00007ffe9136a000 	C:\Users\Hieu\.jdks\openjdk-19.0.2\bin\jimage.dll
0x00007ffebc150000 - 0x00007ffebc383000 	C:\WINDOWS\SYSTEM32\DBGHELP.DLL
0x00007ffec0830000 - 0x00007ffec0bb9000 	C:\WINDOWS\System32\combase.dll
0x00007ffec0bf0000 - 0x00007ffec0cc7000 	C:\WINDOWS\System32\OLEAUT32.dll
0x00007ffeb03e0000 - 0x00007ffeb0412000 	C:\WINDOWS\SYSTEM32\dbgcore.DLL
0x00007ffebeeb0000 - 0x00007ffebef2a000 	C:\WINDOWS\System32\bcryptPrimitives.dll
0x00007ffe81030000 - 0x00007ffe8106c000 	C:\Users\Hieu\.jdks\openjdk-19.0.2\bin\jdwp.dll
0x00007ffe85c10000 - 0x00007ffe85c1e000 	C:\Users\Hieu\.jdks\openjdk-19.0.2\bin\instrument.dll
0x00007ffe8f5f0000 - 0x00007ffe8f616000 	C:\Users\Hieu\.jdks\openjdk-19.0.2\bin\java.dll
0x00007ffe84260000 - 0x00007ffe84278000 	C:\Users\Hieu\.jdks\openjdk-19.0.2\bin\zip.dll
0x00007ffe6afc0000 - 0x00007ffe6b097000 	C:\Users\Hieu\.jdks\openjdk-19.0.2\bin\jsvml.dll
0x00007ffebf630000 - 0x00007ffebfe8a000 	C:\WINDOWS\System32\SHELL32.dll
0x00007ffebca20000 - 0x00007ffebd316000 	C:\WINDOWS\SYSTEM32\windows.storage.dll
0x00007ffebc8e0000 - 0x00007ffebca1e000 	C:\WINDOWS\SYSTEM32\wintypes.dll
0x00007ffebf530000 - 0x00007ffebf623000 	C:\WINDOWS\System32\SHCORE.dll
0x00007ffec1430000 - 0x00007ffec148e000 	C:\WINDOWS\System32\shlwapi.dll
0x00007ffebea40000 - 0x00007ffebea66000 	C:\WINDOWS\SYSTEM32\profapi.dll
0x00007ffe84250000 - 0x00007ffe8425c000 	C:\Users\Hieu\.jdks\openjdk-19.0.2\bin\dt_socket.dll
0x00007ffebd5f0000 - 0x00007ffebd61d000 	C:\WINDOWS\SYSTEM32\IPHLPAPI.DLL
0x00007ffebe0b0000 - 0x00007ffebe119000 	C:\WINDOWS\system32\mswsock.dll
0x00007ffe904e0000 - 0x00007ffe904f3000 	C:\Users\Hieu\.jdks\openjdk-19.0.2\bin\net.dll
0x00007ffeb8f20000 - 0x00007ffeb9057000 	C:\WINDOWS\SYSTEM32\WINHTTP.dll
0x00007ffe85cb0000 - 0x00007ffe85cc6000 	C:\Users\Hieu\.jdks\openjdk-19.0.2\bin\nio.dll
0x00007ffebd620000 - 0x00007ffebd719000 	C:\WINDOWS\SYSTEM32\DNSAPI.dll
0x00007ffec0cd0000 - 0x00007ffec0cd9000 	C:\WINDOWS\System32\NSI.dll
0x00007ffeb6ea0000 - 0x00007ffeb6eaa000 	C:\Windows\System32\rasadhlp.dll
0x00007ffeb5ba0000 - 0x00007ffeb5c23000 	C:\WINDOWS\System32\fwpuclnt.dll
0x00007ffea8820000 - 0x00007ffea882a000 	C:\Users\Hieu\.jdks\openjdk-19.0.2\bin\management.dll
0x00007ffea8810000 - 0x00007ffea881b000 	C:\Users\Hieu\.jdks\openjdk-19.0.2\bin\management_ext.dll
0x00007ffebf520000 - 0x00007ffebf528000 	C:\WINDOWS\System32\PSAPI.DLL
0x00007ffebe300000 - 0x00007ffebe31b000 	C:\WINDOWS\SYSTEM32\CRYPTSP.dll
0x00007ffebdb60000 - 0x00007ffebdb95000 	C:\WINDOWS\system32\rsaenh.dll
0x00007ffebe1a0000 - 0x00007ffebe1cc000 	C:\WINDOWS\SYSTEM32\USERENV.dll
0x00007ffebe320000 - 0x00007ffebe32c000 	C:\WINDOWS\SYSTEM32\CRYPTBASE.dll
0x00007ffeb8e30000 - 0x00007ffeb8e49000 	C:\WINDOWS\SYSTEM32\dhcpcsvc6.DLL
0x00007ffeb8d60000 - 0x00007ffeb8d7f000 	C:\WINDOWS\SYSTEM32\dhcpcsvc.DLL
0x00007ffe70590000 - 0x00007ffe705a7000 	C:\WINDOWS\system32\napinsp.dll
0x00007ffe70570000 - 0x00007ffe7058b000 	C:\WINDOWS\system32\pnrpnsp.dll
0x00007ffe70550000 - 0x00007ffe70561000 	C:\WINDOWS\System32\winrnr.dll
0x00007ffea4580000 - 0x00007ffea4595000 	C:\WINDOWS\system32\wshbth.dll
0x00007ffe70520000 - 0x00007ffe70541000 	C:\WINDOWS\system32\nlansp_c.dll
0x00007ffe90c80000 - 0x00007ffe90c88000 	C:\Users\Hieu\.jdks\openjdk-19.0.2\bin\extnet.dll
0x00007ffea8800000 - 0x00007ffea880e000 	C:\Users\Hieu\.jdks\openjdk-19.0.2\bin\sunmscapi.dll
0x00007ffebf350000 - 0x00007ffebf4b6000 	C:\WINDOWS\System32\CRYPT32.dll
0x00007ffebe4a0000 - 0x00007ffebe4ce000 	C:\WINDOWS\SYSTEM32\ncrypt.dll
0x00007ffebe460000 - 0x00007ffebe497000 	C:\WINDOWS\SYSTEM32\NTASN1.dll
0x00007ffe85ca0000 - 0x00007ffe85cb0000 	C:\Users\Hieu\.jdks\openjdk-19.0.2\bin\verify.dll
0x00007ffea9410000 - 0x00007ffea9418000 	C:\WINDOWS\system32\wshunix.dll

dbghelp: loaded successfully - version: 4.0.5 - missing functions: none
symbol engine: initialized successfully - sym options: 0x614 - pdb path: .;C:\Users\Hieu\.jdks\openjdk-19.0.2\bin;C:\WINDOWS\SYSTEM32;C:\Program Files\Avast Software\Avast;C:\WINDOWS\WinSxS\amd64_microsoft.windows.common-controls_6595b64144ccf1df_6.0.22621.2506_none_270c5ae97388e100;C:\Users\Hieu\.jdks\openjdk-19.0.2\bin\server

VM Arguments:
jvm_args: -agentlib:jdwp=transport=dt_socket,address=127.0.0.1:50634,suspend=y,server=n -XX:TieredStopAtLevel=1 -Dspring.output.ansi.enabled=always -Dcom.sun.management.jmxremote -Dspring.jmx.enabled=true -Dspring.liveBeansView.mbeanDomain -Dspring.application.admin.enabled=true -Dmanagement.endpoints.jmx.exposure.include=* -javaagent:C:\Users\Hieu\AppData\Local\JetBrains\IntelliJIdea2022.3\captureAgent\debugger-agent.jar=file:/C:/Users/Hieu/AppData/Local/Temp/capture.props -Dfile.encoding=UTF-8 -Dsun.stdout.encoding=UTF-8 -Dsun.stderr.encoding=UTF-8 
java_command: com.shopproject.shopbt.ShopApplication
java_class_path (initial): D:\Desktop\project\project_shopbt-v2\target\classes;C:\Users\Hieu\.m2\repository\org\springframework\boot\spring-boot-starter-data-jpa\3.1.3\spring-boot-starter-data-jpa-3.1.3.jar;C:\Users\Hieu\.m2\repository\org\springframework\boot\spring-boot-starter-aop\3.1.3\spring-boot-starter-aop-3.1.3.jar;C:\Users\Hieu\.m2\repository\org\aspectj\aspectjweaver\1.9.20\aspectjweaver-1.9.20.jar;C:\Users\Hieu\.m2\repository\org\springframework\boot\spring-boot-starter-jdbc\3.1.3\spring-boot-starter-jdbc-3.1.3.jar;C:\Users\Hieu\.m2\repository\com\zaxxer\HikariCP\5.0.1\HikariCP-5.0.1.jar;C:\Users\Hieu\.m2\repository\org\springframework\spring-jdbc\6.0.11\spring-jdbc-6.0.11.jar;C:\Users\Hieu\.m2\repository\org\hibernate\orm\hibernate-core\6.2.7.Final\hibernate-core-6.2.7.Final.jar;C:\Users\Hieu\.m2\repository\jakarta\persistence\jakarta.persistence-api\3.1.0\jakarta.persistence-api-3.1.0.jar;C:\Users\Hieu\.m2\repository\jakarta\transaction\jakarta.transaction-api\2.0.1\jakarta.transaction-api-2.0.1.jar;C:\Users\Hieu\.m2\repository\org\jboss\logging\jboss-logging\3.5.3.Final\jboss-logging-3.5.3.Final.jar;C:\Users\Hieu\.m2\repository\org\hibernate\common\hibernate-commons-annotations\6.0.6.Final\hibernate-commons-annotations-6.0.6.Final.jar;C:\Users\Hieu\.m2\repository\io\smallrye\jandex\3.0.5\jandex-3.0.5.jar;C:\Users\Hieu\.m2\repository\com\fasterxml\classmate\1.5.1\classmate-1.5.1.jar;C:\Users\Hieu\.m2\repository\net\bytebuddy\byte-buddy\1.14.6\byte-buddy-1.14.6.jar;C:\Users\Hieu\.m2\repository\org\glassfish\jaxb\jaxb-runtime\4.0.3\jaxb-runtime-4.0.3.jar;C:\Users\Hieu\.m2\repository\org\glassfish\jaxb\jaxb-core\4.0.3\jaxb-core-4.0.3.jar;C:\Users\Hieu\.m2\repository\org\eclipse\angus\angus-activation\2.0.1\angus-activation-2.0.1.jar;C:\Users\Hieu\.m2\repository\org\glassfish\jaxb\txw2\4.0.3\txw2-4.0.3.jar;C:\Users\Hieu\.m2\repository\com\sun\istack\istack-commons-runtime\4.1.2\istack-commons-runtime-4.1.2.jar;C:\Users\Hieu\.m2\repository\jakarta\inject\jakarta.inject-api\2.0.1\jakarta.inject-api-2.0.1.jar;C:\Users\Hieu\.m2\repository\org\antlr\antlr4-runtime\4.10.1\antlr4-runtime-4.10.1.jar;C:\Users\Hieu\.m2\repository\org\springframework\data\spring-data-jpa\3.1.3\spring-data-jpa-3.1.3.jar;C:\Users\Hieu\.m2\repository\org\springframework\data\spring-data-commons\3.1.3\spring-data-commons-3.1.3.jar;C:\Users\Hieu\.m2\repository\org\springframework\spring-orm\6.0.11\spring-orm-6.0.11.jar;C:\Users\Hieu\.m2\repository\org\springframework\spring-tx\6.0.11\spring-tx-6.0.11.jar;C:\Users\Hieu\.m2\repository\jakarta\annotation\jakarta.annotation-api\2.1.1\jakarta.annotation-api-2.1.1.jar;C:\Users\Hieu\.m2\repository\org\springframework\spring-aspects\6.0.11\spring-aspects-6.0.11.jar;C:\Users\Hieu\.m2\repository\org\springframework\boot\spring-boot-starter-data-redis\3.1.3\spring-boot-starter-data-redis-3.1.3.jar;C:\Users\Hieu\.m2\repository\org\springframework\boot\spring-boot-starter\3.1.3\spring-boot-starter-3.1.3.jar;C:\Users\Hieu\.m2\repository\org\springframework\boot\spring-boot-autoconfigure\3.1.3\spring-boot-autoconfigure-3.1.3.jar;C:\Users\Hieu\.m2\repository\org\springframework\boot\spring-boot-starter-logging\3.1.3\spring-boot-starter-logging-3.1.3.jar;C:\Users\Hieu\.m2\repository\org\apache\logging\log4j\log4j-to-slf4j\2.20.0\log4j-to-slf4j-2.20.0.jar;C:\Users\Hieu\.m2\repository\org\apache\logging\log4j\log4j-api\2.20.0\log4j-api-2.20.0.jar;C:\Users\Hieu\.m2\repository\org\slf4j\jul-to-slf4j\2.0.7\jul-to-slf4j-2.0.7.jar;C:\Users\Hieu\.m2\repository\org\yaml\snakeyaml\1.33\snakeyaml-1.33.jar;C:\Users\Hieu\.m2\repository\org\springframework\data\spring-data-redis\3.1.3\spring-data-redis-3.1.3.jar;C:\Users\Hieu\.m2\repository\org\springframework\data\spring-data-keyvalue\3.1.3\spring-data-keyvalue-3.1.3.jar;C:\Users\Hieu\.m2\repository\org\springframework\spring-oxm\6.0.11\spring-oxm-6.0.11.jar;C:\Users\Hieu\.m2\repository\org\springframework\spring-context-support\6.0.11\spring-context-support-6.0.11.jar;C:\Users\Hieu\.m2\repository\io\lettuce\lettuce-core\6.2.6.RELEASE\lettuce-core-6.2.6.RELEASE.jar;C:\Users\Hieu\.m2\repository\io\projectreactor\reactor-core\3.5.9\reactor-core-3.5.9.jar;C:\Users\Hieu\.m2\repository\org\reactivestreams\reactive-streams\1.0.4\reactive-streams-1.0.4.jar;C:\Users\Hieu\.m2\repository\org\springframework\boot\spring-boot-starter-web\3.1.3\spring-boot-starter-web-3.1.3.jar;C:\Users\Hieu\.m2\repository\org\springframework\boot\spring-boot-starter-json\3.1.3\spring-boot-starter-json-3.1.3.jar;C:\Users\Hieu\.m2\repository\com\fasterxml\jackson\datatype\jackson-datatype-jdk8\2.15.2\jackson-datatype-jdk8-2.15.2.jar;C:\Users\Hieu\.m2\repository\com\fasterxml\jackson\datatype\jackson-datatype-jsr310\2.15.2\jackson-datatype-jsr310-2.15.2.jar;C:\Users\Hieu\.m2\repository\org\springframework\boot\spring-boot-starter-tomcat\3.1.3\spring-boot-starter-tomcat-3.1.3.jar;C:\Users\Hieu\.m2\repository\org\apache\tomcat\embed\tomcat-embed-core\10.1.12\tomcat-embed-core-10.1.12.jar;C:\Users\Hieu\.m2\repository\org\apache\tomcat\embed\tomcat-embed-el\10.1.12\tomcat-embed-el-10.1.12.jar;C:\Users\Hieu\.m2\repository\org\apache\tomcat\embed\tomcat-embed-websocket\10.1.12\tomcat-embed-websocket-10.1.12.jar;C:\Users\Hieu\.m2\repository\org\springframework\spring-web\6.0.11\spring-web-6.0.11.jar;C:\Users\Hieu\.m2\repository\io\micrometer\micrometer-observation\1.11.3\micrometer-observation-1.11.3.jar;C:\Users\Hieu\.m2\repository\io\micrometer\micrometer-commons\1.11.3\micrometer-commons-1.11.3.jar;C:\Users\Hieu\.m2\repository\org\springframework\spring-webmvc\6.0.11\spring-webmvc-6.0.11.jar;C:\Users\Hieu\.m2\repository\org\postgresql\postgresql\42.6.0\postgresql-42.6.0.jar;C:\Users\Hieu\.m2\repository\org\checkerframework\checker-qual\3.31.0\checker-qual-3.31.0.jar;C:\Users\Hieu\.m2\repository\org\projectlombok\lombok\1.18.28\lombok-1.18.28.jar;C:\Users\Hieu\.m2\repository\jakarta\xml\bind\jakarta.xml.bind-api\4.0.0\jakarta.xml.bind-api-4.0.0.jar;C:\Users\Hieu\.m2\repository\jakarta\activation\jakarta.activation-api\2.1.2\jakarta.activation-api-2.1.2.jar;C:\Users\Hieu\.m2\repository\net\minidev\json-smart\2.4.11\json-smart-2.4.11.jar;C:\Users\Hieu\.m2\repository\net\minidev\accessors-smart\2.4.11\accessors-smart-2.4.11.jar;C:\Users\Hieu\.m2\repository\org\ow2\asm\asm\9.3\asm-9.3.jar;C:\Users\Hieu\.m2\repository\org\springframework\spring-core\6.0.11\spring-core-6.0.11.jar;C:\Users\Hieu\.m2\repository\org\springframework\spring-jcl\6.0.11\spring-jcl-6.0.11.jar;C:\Users\Hieu\.m2\repository\org\modelmapper\modelmapper\3.1.1\modelmapper-3.1.1.jar;C:\Users\Hieu\.m2\repository\io\jsonwebtoken\jjwt-jackson\0.11.5\jjwt-jackson-0.11.5.jar;C:\Users\Hieu\.m2\repository\com\fasterxml\jackson\core\jackson-databind\2.15.2\jackson-databind-2.15.2.jar;C:\Users\Hieu\.m2\repository\com\fasterxml\jackson\core\jackson-annotations\2.15.2\jackson-annotations-2.15.2.jar;C:\Users\Hieu\.m2\repository\io\jsonwebtoken\jjwt-impl\0.11.5\jjwt-impl-0.11.5.jar;C:\Users\Hieu\.m2\repository\io\jsonwebtoken\jjwt-api\0.11.5\jjwt-api-0.11.5.jar;C:\Users\Hieu\.m2\repository\org\springframework\security\spring-security-core\6.1.3\spring-security-core-6.1.3.jar;C:\Users\Hieu\.m2\repository\org\springframework\security\spring-security-crypto\6.1.3\spring-security-crypto-6.1.3.jar;C:\Users\Hieu\.m2\repository\org\springframework\security\spring-security-web\6.1.3\spring-security-web-6.1.3.jar;C:\Users\Hieu\.m2\repository\org\springframework\boot\spring-boot-starter-security\3.1.3\spring-boot-starter-security-3.1.3.jar;C:\Users\Hieu\.m2\repository\org\springframework\spring-aop\6.0.11\spring-aop-6.0.11.jar;C:\Users\Hieu\.m2\repository\org\springframework\security\spring-security-config\6.1.3\spring-security-config-6.1.3.jar;C:\Users\Hieu\.m2\repository\org\jetbrains\annotations\24.0.1\annotations-24.0.1.jar;C:\Users\Hieu\.m2\repository\org\json\json\20230618\json-20230618.jar;C:\Users\Hieu\.m2\repository\org\springframework\boot\spring-boot-starter-websocket\3.1.3\spring-boot-starter-websocket-3.1.3.jar;C:\Users\Hieu\.m2\repository\org\springframework\spring-messaging\6.0.11\spring-messaging-6.0.11.jar;C:\Users\Hieu\.m2\repository\org\springframework\spring-websocket\6.0.11\spring-websocket-6.0.11.jar;C:\Users\Hieu\.m2\repository\org\springframework\security\spring-security-messaging\6.1.3\spring-security-messaging-6.1.3.jar;C:\Users\Hieu\.m2\repository\org\springframework\spring-beans\6.0.11\spring-beans-6.0.11.jar;C:\Users\Hieu\.m2\repository\org\springframework\spring-context\6.0.11\spring-context-6.0.11.jar;C:\Users\Hieu\.m2\repository\org\springframework\spring-expression\6.0.11\spring-expression-6.0.11.jar;C:\Users\Hieu\.m2\repository\com\corundumstudio\socketio\netty-socketio\2.0.3\netty-socketio-2.0.3.jar;C:\Users\Hieu\.m2\repository\io\netty\netty-buffer\4.1.97.Final\netty-buffer-4.1.97.Final.jar;C:\Users\Hieu\.m2\repository\io\netty\netty-common\4.1.97.Final\netty-common-4.1.97.Final.jar;C:\Users\Hieu\.m2\repository\io\netty\netty-transport\4.1.97.Final\netty-transport-4.1.97.Final.jar;C:\Users\Hieu\.m2\repository\io\netty\netty-resolver\4.1.97.Final\netty-resolver-4.1.97.Final.jar;C:\Users\Hieu\.m2\repository\io\netty\netty-handler\4.1.97.Final\netty-handler-4.1.97.Final.jar;C:\Users\Hieu\.m2\repository\io\netty\netty-transport-native-unix-common\4.1.97.Final\netty-transport-native-unix-common-4.1.97.Final.jar;C:\Users\Hieu\.m2\repository\io\netty\netty-codec-http\4.1.97.Final\netty-codec-http-4.1.97.Final.jar;C:\Users\Hieu\.m2\repository\io\netty\netty-codec\4.1.97.Final\netty-codec-4.1.97.Final.jar;C:\Users\Hieu\.m2\repository\io\netty\netty-transport-native-epoll\4.1.97.Final\netty-transport-native-epoll-4.1.97.Final.jar;C:\Users\Hieu\.m2\repository\io\netty\netty-transport-classes-epoll\4.1.97.Final\netty-transport-classes-epoll-4.1.97.Final.jar;C:\Users\Hieu\.m2\repository\org\slf4j\slf4j-api\2.0.7\slf4j-api-2.0.7.jar;C:\Users\Hieu\.m2\repository\com\fasterxml\jackson\core\jackson-core\2.15.2\jackson-core-2.15.2.jar;C:\Users\Hieu\.m2\repository\com\google\api-client\google-api-client\1.33.0\google-api-client-1.33.0.jar;C:\Users\Hieu\.m2\repository\com\google\oauth-client\google-oauth-client\1.32.1\google-oauth-client-1.32.1.jar;C:\Users\Hieu\.m2\repository\com\google\http-client\google-http-client-gson\1.41.0\google-http-client-gson-1.41.0.jar;C:\Users\Hieu\.m2\repository\com\google\code\gson\gson\2.10.1\gson-2.10.1.jar;C:\Users\Hieu\.m2\repository\com\google\guava\guava\31.0.1-jre\guava-31.0.1-jre.jar;C:\Users\Hieu\.m2\repository\com\google\guava\failureaccess\1.0.1\failureaccess-1.0.1.jar;C:\Users\Hieu\.m2\repository\com\google\guava\listenablefuture\9999.0-empty-to-avoid-conflict-with-guava\listenablefuture-9999.0-empty-to-avoid-conflict-with-guava.jar;C:\Users\Hieu\.m2\repository\com\google\code\findbugs\jsr305\3.0.2\jsr305-3.0.2.jar;C:\Users\Hieu\.m2\repository\com\google\errorprone\error_prone_annotations\2.7.1\error_prone_annotations-2.7.1.jar;C:\Users\Hieu\.m2\repository\com\google\j2objc\j2objc-annotations\1.3\j2objc-annotations-1.3.jar;C:\Users\Hieu\.m2\repository\com\google\http-client\google-http-client-apache-v2\1.41.0\google-http-client-apache-v2-1.41.0.jar;C:\Users\Hieu\.m2\repository\org\apache\httpcomponents\httpcore\4.4.16\httpcore-4.4.16.jar;C:\Users\Hieu\.m2\repository\org\apache\httpcomponents\httpclient\4.5.13\httpclient-4.5.13.jar;C:\Users\Hieu\.m2\repository\commons-logging\commons-logging\1.2\commons-logging-1.2.jar;C:\Users\Hieu\.m2\repository\commons-codec\commons-codec\1.15\commons-codec-1.15.jar;C:\Users\Hieu\.m2\repository\com\google\http-client\google-http-client\1.41.0\google-http-client-1.41.0.jar;C:\Users\Hieu\.m2\repository\io\opencensus\opencensus-api\0.28.0\opencensus-api-0.28.0.jar;C:\Users\Hieu\.m2\repository\io\opencensus\opencensus-contrib-http-util\0.28.0\opencensus-contrib-http-util-0.28.0.jar;C:\Users\Hieu\.m2\repository\com\google\apis\google-api-services-analyticsdata\v1beta-rev20231105-2.0.0\google-api-services-analyticsdata-v1beta-rev20231105-2.0.0.jar;C:\Users\Hieu\.m2\repository\com\google\apis\google-api-services-analyticsreporting\v4-rev20211020-2.0.0\google-api-services-analyticsreporting-v4-rev20211020-2.0.0.jar;C:\Users\Hieu\.m2\repository\org\springframework\boot\spring-boot-docker-compose\3.1.3\spring-boot-docker-compose-3.1.3.jar;C:\Users\Hieu\.m2\repository\org\springframework\boot\spring-boot\3.1.3\spring-boot-3.1.3.jar;C:\Users\Hieu\.m2\repository\com\fasterxml\jackson\module\jackson-module-parameter-names\2.15.2\jackson-module-parameter-names-2.15.2.jar;C:\Users\Hieu\.m2\repository\com\google\firebase\firebase-admin\9.2.0\firebase-admin-9.2.0.jar;C:\Users\Hieu\.m2\repository\com\google\api-client\google-api-client-gson\2.2.0\google-api-client-gson-2.2.0.jar;C:\Users\Hieu\.m2\repository\com\google\api\api-common\2.12.0\api-common-2.12.0.jar;C:\Users\Hieu\.m2\repository\com\google\auto\value\auto-value-annotations\1.10.1\auto-value-annotations-1.10.1.jar;C:\Users\Hieu\.m2\repository\javax\annotation\javax.annotation-api\1.3.2\javax.annotation-api-1.3.2.jar;C:\Users\Hieu\.m2\repository\com\google\auth\google-auth-library-oauth2-http\1.17.0\google-auth-library-oauth2-http-1.17.0.jar;C:\Users\Hieu\.m2\repository\com\google\auth\google-auth-library-credentials\1.17.0\google-auth-library-credentials-1.17.0.jar;C:\Users\Hieu\.m2\repository\com\google\cloud\google-cloud-storage\2.22.4\google-cloud-storage-2.22.4.jar;C:\Users\Hieu\.m2\repository\com\google\http-client\google-http-client-jackson2\1.43.1\google-http-client-jackson2-1.43.1.jar;C:\Users\Hieu\.m2\repository\com\google\apis\google-api-services-storage\v1-rev20230301-2.0.0\google-api-services-storage-v1-rev20230301-2.0.0.jar;C:\Users\Hieu\.m2\repository\com\google\cloud\google-cloud-core\2.19.0\google-cloud-core-2.19.0.jar;C:\Users\Hieu\.m2\repository\com\google\cloud\google-cloud-core-http\2.19.0\google-cloud-core-http-2.19.0.jar;C:\Users\Hieu\.m2\repository\com\google\http-client\google-http-client-appengine\1.43.1\google-http-client-appengine-1.43.1.jar;C:\Users\Hieu\.m2\repository\com\google\api\gax-httpjson\0.114.0\gax-httpjson-0.114.0.jar;C:\Users\Hieu\.m2\repository\com\google\cloud\google-cloud-core-grpc\2.19.0\google-cloud-core-grpc-2.19.0.jar;C:\Users\Hieu\.m2\repository\com\google\api\gax\2.29.0\gax-2.29.0.jar;C:\Users\Hieu\.m2\repository\com\google\api\gax-grpc\2.29.0\gax-grpc-2.29.0.jar;C:\Users\Hieu\.m2\repository\io\grpc\grpc-alts\1.55.1\grpc-alts-1.55.1.jar;C:\Users\Hieu\.m2\repository\io\grpc\grpc-grpclb\1.55.1\grpc-grpclb-1.55.1.jar;C:\Users\Hieu\.m2\repository\org\conscrypt\conscrypt-openjdk-uber\2.5.2\conscrypt-openjdk-uber-2.5.2.jar;C:\Users\Hieu\.m2\repository\io\grpc\grpc-auth\1.55.1\grpc-auth-1.55.1.jar;C:\Users\Hieu\.m2\repository\io\grpc\grpc-protobuf\1.55.1\grpc-protobuf-1.55.1.jar;C:\Users\Hieu\.m2\repository\io\grpc\grpc-protobuf-lite\1.55.1\grpc-protobuf-lite-1.55.1.jar;C:\Users\Hieu\.m2\repository\io\grpc\grpc-context\1.55.1\grpc-context-1.55.1.jar;C:\Users\Hieu\.m2\repository\com\google\api\grpc\proto-google-iam-v1\1.15.0\proto-google-iam-v1-1.15.0.jar;C:\Users\Hieu\.m2\repository\com\google\protobuf\protobuf-java\3.23.2\protobuf-java-3.23.2.jar;C:\Users\Hieu\.m2\repository\com\google\protobuf\protobuf-java-util\3.23.2\protobuf-java-util-3.23.2.jar;C:\Users\Hieu\.m2\repository\com\google\api\grpc\proto-google-common-protos\2.20.0\proto-google-common-protos-2.20.0.jar;C:\Users\Hieu\.m2\repository\org\threeten\threetenbp\1.6.8\threetenbp-1.6.8.jar;C:\Users\Hieu\.m2\repository\com\google\api\grpc\proto-google-cloud-storage-v2\2.22.4-alpha\proto-google-cloud-storage-v2-2.22.4-alpha.jar;C:\Users\Hieu\.m2\repository\com\google\api\grpc\grpc-google-cloud-storage-v2\2.22.4-alpha\grpc-google-cloud-storage-v2-2.22.4-alpha.jar;C:\Users\Hieu\.m2\repository\com\google\api\grpc\gapic-google-cloud-storage-v2\2.22.4-alpha\gapic-google-cloud-storage-v2-2.22.4-alpha.jar;C:\Users\Hieu\.m2\repository\io\grpc\grpc-api\1.55.1\grpc-api-1.55.1.jar;C:\Users\Hieu\.m2\repository\io\grpc\grpc-netty-shaded\1.55.1\grpc-netty-shaded-1.55.1.jar;C:\Users\Hieu\.m2\repository\io\perfmark\perfmark-api\0.26.0\perfmark-api-0.26.0.jar;C:\Users\Hieu\.m2\repository\io\grpc\grpc-core\1.55.1\grpc-core-1.55.1.jar;C:\Users\Hieu\.m2\repository\com\google\android\annotations\4.1.1.4\annotations-4.1.1.4.jar;C:\Users\Hieu\.m2\repository\org\codehaus\mojo\animal-sniffer-annotations\1.23\animal-sniffer-annotations-1.23.jar;C:\Users\Hieu\.m2\repository\io\grpc\grpc-stub\1.55.1\grpc-stub-1.55.1.jar;C:\Users\Hieu\.m2\repository\io\grpc\grpc-googleapis\1.55.1\grpc-googleapis-1.55.1.jar;C:\Users\Hieu\.m2\repository\io\grpc\grpc-xds\1.55.1\grpc-xds-1.55.1.jar;C:\Users\Hieu\.m2\repository\io\opencensus\opencensus-proto\0.2.0\opencensus-proto-0.2.0.jar;C:\Users\Hieu\.m2\repository\io\grpc\grpc-services\1.55.1\grpc-services-1.55.1.jar;C:\Users\Hieu\.m2\repository\com\google\re2j\re2j\1.6\re2j-1.6.jar;C:\Users\Hieu\.m2\repository\io\grpc\grpc-rls\1.55.1\grpc-rls-1.55.1.jar;C:\Users\Hieu\.m2\repository\com\google\cloud\google-cloud-firestore\3.13.0\google-cloud-firestore-3.13.0.jar;C:\Users\Hieu\.m2\repository\com\google\api\grpc\proto-google-cloud-firestore-v1\3.13.0\proto-google-cloud-firestore-v1-3.13.0.jar;C:\Users\Hieu\.m2\repository\com\google\cloud\proto-google-cloud-firestore-bundle-v1\3.13.0\proto-google-cloud-firestore-bundle-v1-3.13.0.jar;C:\Users\Hieu\.m2\repository\io\opencensus\opencensus-contrib-grpc-util\0.31.1\opencensus-contrib-grpc-util-0.31.1.jar;C:\Users\Hieu\.m2\repository\org\springframework\boot\spring-boot-starter-oauth2-client\3.1.3\spring-boot-starter-oauth2-client-3.1.3.jar;C:\Users\Hieu\.m2\repository\org\springframework\security\spring-security-oauth2-jose\6.1.3\spring-security-oauth2-jose-6.1.3.jar;C:\Users\Hieu\.m2\repository\com\nimbusds\nimbus-jose-jwt\9.31\nimbus-jose-jwt-9.31.jar;C:\Users\Hieu\.m2\repository\org\springframework\security\spring-security-oauth2-client\6.1.3\spring-security-oauth2-client-6.1.3.jar;C:\Users\Hieu\.m2\repository\org\springframework\security\spring-security-oauth2-core\6.1.3\spring-security-oauth2-core-6.1.3.jar;C:\Users\Hieu\.m2\repository\com\nimbusds\oauth2-oidc-sdk\9.43.3\oauth2-oidc-sdk-9.43.3.jar;C:\Users\Hieu\.m2\repository\com\github\stephenc\jcip\jcip-annotations\1.0-1\jcip-annotations-1.0-1.jar;C:\Users\Hieu\.m2\repository\com\nimbusds\content-type\2.2\content-type-2.2.jar;C:\Users\Hieu\.m2\repository\com\nimbusds\lang-tag\1.7\lang-tag-1.7.jar;C:\Users\Hieu\.m2\repository\com\auth0\java-jwt\4.4.0\java-jwt-4.4.0.jar;C:\Users\Hieu\.m2\repository\ch\qos\logback\logback-classic\1.4.11\logback-classic-1.4.11.jar;C:\Users\Hieu\.m2\repository\ch\qos\logback\logback-core\1.4.11\logback-core-1.4.11.jar;C:\Program Files\JetBrains\IntelliJ IDEA 2022.3.2\lib\idea_rt.jar
Launcher Type: SUN_STANDARD

[Global flags]
     intx CICompilerCount                          = 4                                         {product} {ergonomic}
     uint ConcGCThreads                            = 2                                         {product} {ergonomic}
     uint G1ConcRefinementThreads                  = 8                                         {product} {ergonomic}
   size_t G1HeapRegionSize                         = 2097152                                   {product} {ergonomic}
    uintx GCDrainStackTargetSize                   = 64                                        {product} {ergonomic}
   size_t InitialHeapSize                          = 266338304                                 {product} {ergonomic}
     bool ManagementServer                         = true                                      {product} {command line}
   size_t MarkStackSize                            = 4194304                                   {product} {ergonomic}
   size_t MaxHeapSize                              = 4242538496                                {product} {ergonomic}
   size_t MaxNewSize                               = 2543845376                                {product} {ergonomic}
   size_t MinHeapDeltaBytes                        = 2097152                                   {product} {ergonomic}
   size_t MinHeapSize                              = 8388608                                   {product} {ergonomic}
    uintx NonProfiledCodeHeapSize                  = 0                                      {pd product} {ergonomic}
     bool ProfileInterpreter                       = false                                  {pd product} {command line}
    uintx ProfiledCodeHeapSize                     = 0                                      {pd product} {ergonomic}
   size_t SoftMaxHeapSize                          = 4242538496                             {manageable} {ergonomic}
     intx TieredStopAtLevel                        = 1                                         {product} {command line}
     bool UseCompressedClassPointers               = true                           {product lp64_product} {ergonomic}
     bool UseCompressedOops                        = true                           {product lp64_product} {ergonomic}
     bool UseG1GC                                  = true                                      {product} {ergonomic}
     bool UseLargePagesIndividualAllocation        = false                                  {pd product} {ergonomic}

Logging:
Log output configuration:
 #0: stdout all=warning uptime,level,tags foldmultilines=false
 #1: stderr all=off uptime,level,tags foldmultilines=false

Environment Variables:
JAVA_HOME=C:\Users\Hieu\.jdks\openjdk-19.0.2
PATH=C:\Users\Hieu\mingw64\bin;C:\Windows\system32;C:\Windows;C:\Windows\System32\Wbem;C:\Windows\System32\WindowsPowerShell\v1.0\;C:\Windows\System32\OpenSSH\;C:\Program Files (x86)\NVIDIA Corporation\PhysX\Common;C:\Program Files\NVIDIA Corporation\NVIDIA NvDLISR;C:\WINDOWS\system32;C:\WINDOWS;C:\WINDOWS\System32\Wbem;C:\WINDOWS\System32\WindowsPowerShell\v1.0\;C:\WINDOWS\System32\OpenSSH\;C:\Program Files\dotnet\;C:\MinGW\bin;C:\Program Files\RedHat\java-17-openjdk-17.0.3.0.6-3.jre\bin;%JAVA_HIEU%\bin;C:\Program Files\Git\cmd;C:\ProgramData\chocolatey\bin;C:\apache-maven-3.9.0\bin;C:\Program Files\nodejs\;C:\Program Files\OpenSSL\bin;C:\Program Files\VisualSVN Server\bin;C:\Program Files\TortoiseSVN\bin;C:\Users\Hieu\AppData\Roaming\npm;;C:\Program Files\Docker\Docker\resources\bin;C:\Program Files\Amazon\AWSCLIV2\;C:\Program Files\Microsoft SQL Server\130\Tools\Binn\;C:\Program Files (x86)\Microsoft SQL Server\110\DTS\Binn\;C:\Program Files (x86)\Microsoft SQL Server\120\DTS\Binn\;C:\Program Files (x86)\Microsoft SQL Server\130\DTS\Binn\;C:\Program Files\Microsoft SQL Server\Client SDK\ODBC\170\Tools\Binn\;C:\Program Files (x86)\Microsoft SQL Server\140\DTS\Binn\;C:\Program Files (x86)\Microsoft SQL Server\150\DTS\Binn\;C:\Program Files (x86)\Microsoft SQL Server\160\DTS\Binn\;C:\Program Files (x86)\Microsoft SQL Server\160\Tools\Binn\;C:\Program Files\Microsoft SQL Server\160\Tools\Binn\;C:\Program Files\Microsoft SQL Server\160\DTS\Binn\;C:\Program Files\Azure Data Studio\bin;C:\Users\Hieu\AppData\Local\Programs\Python\Python39\Scripts\;C:\Users\Hieu\AppData\Local\Programs\Python\Python39\;C:\Users\Hieu\AppData\Local\Microsoft\WindowsApps;C:\Users\Hieu\AppData\Local\GitHubDesktop\bin;C:\Users\Hieu\AppData\Local\Programs\Microsoft VS Code\bin;C:\Users\Hieu\AppData\Roaming\npm;C:\Users\Hieu\.dotnet\tools;D:\Terraform;D:\gcloudCLI\google-cloud-sdk\bin;C:\Program Files\Azure Data Studio\bin
USERNAME=Hieu
OS=Windows_NT
PROCESSOR_IDENTIFIER=Intel64 Family 6 Model 165 Stepping 2, GenuineIntel
TMP=C:\Users\Hieu\AppData\Local\Temp
TEMP=C:\Users\Hieu\AppData\Local\Temp



---------------  S Y S T E M  ---------------

OS:
 Windows 11 , 64 bit Build 22621 (10.0.22621.2506)
OS uptime: 4 days 15:57 hours
Hyper-V role detected

CPU: total 8 (initial active 8) (4 cores per cpu, 2 threads per core) family 6 model 165 stepping 2 microcode 0xf8, cx8, cmov, fxsr, ht, mmx, 3dnowpref, sse, sse2, sse3, ssse3, sse4.1, sse4.2, popcnt, lzcnt, tsc, tscinvbit, avx, avx2, aes, erms, clmul, bmi1, bmi2, adx, fma, vzeroupper, clflush, clflushopt, hv, rdtscp

Memory: 4k page, system-wide physical 16177M (1778M free)
TotalPageFile size 31537M (AvailPageFile size 7306M)
current process WorkingSet (physical memory assigned to process): 350M, peak: 394M
current process commit charge ("private bytes"): 396M, peak: 438M

vm_info: OpenJDK 64-Bit Server VM (19.0.2+7-44) for windows-amd64 JRE (19.0.2+7-44), built on 2022-11-30T18:02:09Z by "mach5one" with MS VC++ 17.1 (VS2022)

END.
